This file contains any messages produced by compilers while
running configure, to aid debugging if configure makes a mistake.

It was created by Freeciv configure 3.2.91.4-dev, which was
generated by GNU Autoconf 2.72.  Invocation command line was

  $ ../configure

## --------- ##
## Platform. ##
## --------- ##

hostname = Adits-MacBook-Pro-2.local
uname -m = arm64
uname -r = 22.1.0
uname -s = Darwin
uname -v = Darwin Kernel Version 22.1.0: Sun Oct  9 20:19:12 PDT 2022; root:xnu-8792.41.9~3/RELEASE_ARM64_T6020

/usr/bin/uname -p = arm
/bin/uname -X     = unknown

/bin/arch              = unknown
/usr/bin/arch -k       = unknown
/usr/convex/getsysinfo = unknown
/usr/bin/hostinfo      = Mach kernel version:
	 Darwin Kernel Version 22.1.0: Sun Oct  9 20:19:12 PDT 2022; root:xnu-8792.41.9~3/RELEASE_ARM64_T6020
Kernel configured for up to 12 processors.
12 processors are physically available.
12 processors are logically available.
Processor type: arm64e (ARM64E)
Processors active: 0 1 2 3 4 5 6 7 8 9 10 11
Primary memory available: 16.00 gigabytes
Default processor set: 585 tasks, 5397 threads, 12 processors
Load average: 5.96, Mach factor: 6.07
/bin/machine           = unknown
/usr/bin/oslevel       = unknown
/bin/universe          = unknown

PATH: /opt/homebrew/opt/sqlite/bin/
PATH: /opt/homebrew/opt/curl/bin/
PATH: /opt/homebrew/opt/sqlite/bin/
PATH: /opt/homebrew/opt/curl/bin/
PATH: /opt/local/bin/
PATH: /opt/local/sbin/
PATH: /Library/Frameworks/Python.framework/Versions/2.7/bin/
PATH: /usr/local/bin/
PATH: /System/Cryptexes/App/usr/bin/
PATH: /usr/bin/
PATH: /bin/
PATH: /usr/sbin/
PATH: /sbin/
PATH: /Applications/VMware Fusion.app/Contents/Public/
PATH: /opt/X11/bin/
PATH: /opt/homebrew/bin/
PATH: /Applications/Docker.app/Contents/Resources/bin/
PATH: /usr/local/opt/python/libexec/bin/


## ----------- ##
## Core tests. ##
## ----------- ##

configure:3708: looking for aux files: config.rpath ltmain.sh missing install-sh compile config.guess config.sub
configure:3721:  trying ../bootstrap/
configure:3750:   ../bootstrap/config.rpath found
configure:3750:   ../bootstrap/ltmain.sh found
configure:3750:   ../bootstrap/missing found
configure:3732:   ../bootstrap/install-sh found
configure:3750:   ../bootstrap/compile found
configure:3750:   ../bootstrap/config.guess found
configure:3750:   ../bootstrap/config.sub found
configure:3881: checking build system type
configure:3897: result: aarch64-apple-darwin22.1.0
configure:3917: checking host system type
configure:3932: result: aarch64-apple-darwin22.1.0
configure:4019: checking for gcc
configure:4040: found /usr/bin/gcc
configure:4052: result: gcc
configure:4411: checking for C compiler version
configure:4420: gcc --version >&5
Apple clang version 14.0.3 (clang-1403.0.22.14.1)
Target: arm64-apple-darwin22.1.0
Thread model: posix
InstalledDir: /Library/Developer/CommandLineTools/usr/bin
configure:4431: $? = 0
configure:4420: gcc -v >&5
Apple clang version 14.0.3 (clang-1403.0.22.14.1)
Target: arm64-apple-darwin22.1.0
Thread model: posix
InstalledDir: /Library/Developer/CommandLineTools/usr/bin
configure:4431: $? = 0
configure:4420: gcc -V >&5
clang: error: argument to '-V' is missing (expected 1 value)
clang: error: no input files
configure:4431: $? = 1
configure:4420: gcc -qversion >&5
clang: error: unknown argument '-qversion'; did you mean '--version'?
clang: error: no input files
configure:4431: $? = 1
configure:4420: gcc -version >&5
clang: error: unknown argument '-version'; did you mean '--version'?
clang: error: no input files
configure:4431: $? = 1
configure:4451: checking whether the C compiler works
configure:4473: gcc    conftest.c  >&5
configure:4477: $? = 0
configure:4528: result: yes
configure:4532: checking for C compiler default output file name
configure:4534: result: a.out
configure:4540: checking for suffix of executables
configure:4547: gcc -o conftest    conftest.c  >&5
configure:4551: $? = 0
configure:4575: result: 
configure:4599: checking whether we are cross compiling
configure:4607: gcc -o conftest    conftest.c  >&5
configure:4611: $? = 0
configure:4618: ./conftest
configure:4622: $? = 0
configure:4637: result: no
configure:4643: checking for suffix of object files
configure:4666: gcc -c   conftest.c >&5
configure:4670: $? = 0
configure:4694: result: o
configure:4698: checking whether the compiler supports GNU C
configure:4718: gcc -c   conftest.c >&5
configure:4718: $? = 0
configure:4730: result: yes
configure:4741: checking whether gcc accepts -g
configure:4762: gcc -c -g  conftest.c >&5
configure:4762: $? = 0
configure:4809: result: yes
configure:4829: checking for gcc option to enable C11 features
configure:4844: gcc  -c -g -O2  conftest.c >&5
configure:4844: $? = 0
configure:4863: result: none needed
configure:4987: checking whether gcc understands -c and -o together
configure:5010: gcc -c conftest.c -o conftest2.o
configure:5013: $? = 0
configure:5010: gcc -c conftest.c -o conftest2.o
configure:5013: $? = 0
configure:5026: result: yes
configure:5048: checking for stdio.h
configure:5048: gcc -c -g -O2  conftest.c >&5
configure:5048: $? = 0
configure:5048: result: yes
configure:5048: checking for stdlib.h
configure:5048: gcc -c -g -O2  conftest.c >&5
configure:5048: $? = 0
configure:5048: result: yes
configure:5048: checking for string.h
configure:5048: gcc -c -g -O2  conftest.c >&5
configure:5048: $? = 0
configure:5048: result: yes
configure:5048: checking for inttypes.h
configure:5048: gcc -c -g -O2  conftest.c >&5
configure:5048: $? = 0
configure:5048: result: yes
configure:5048: checking for stdint.h
configure:5048: gcc -c -g -O2  conftest.c >&5
configure:5048: $? = 0
configure:5048: result: yes
configure:5048: checking for strings.h
configure:5048: gcc -c -g -O2  conftest.c >&5
configure:5048: $? = 0
configure:5048: result: yes
configure:5048: checking for sys/stat.h
configure:5048: gcc -c -g -O2  conftest.c >&5
configure:5048: $? = 0
configure:5048: result: yes
configure:5048: checking for sys/types.h
configure:5048: gcc -c -g -O2  conftest.c >&5
configure:5048: $? = 0
configure:5048: result: yes
configure:5048: checking for unistd.h
configure:5048: gcc -c -g -O2  conftest.c >&5
configure:5048: $? = 0
configure:5048: result: yes
configure:5048: checking for wchar.h
configure:5048: gcc -c -g -O2  conftest.c >&5
configure:5048: $? = 0
configure:5048: result: yes
configure:5048: checking for minix/config.h
configure:5048: gcc -c -g -O2  conftest.c >&5
conftest.c:47:10: fatal error: 'minix/config.h' file not found
#include <minix/config.h>
         ^~~~~~~~~~~~~~~~
1 error generated.
configure:5048: $? = 1
configure: failed program was:
| /* confdefs.h */
| #define PACKAGE_NAME "Freeciv"
| #define PACKAGE_TARNAME "freeciv"
| #define PACKAGE_VERSION "3.2.91.4-dev"
| #define PACKAGE_STRING "Freeciv 3.2.91.4-dev"
| #define PACKAGE_BUGREPORT "https://osdn.net/projects/freeciv/ticket/"
| #define PACKAGE_URL "https://www.freeciv.org/"
| #define HAVE_STDIO_H 1
| #define HAVE_STDLIB_H 1
| #define HAVE_STRING_H 1
| #define HAVE_INTTYPES_H 1
| #define HAVE_STDINT_H 1
| #define HAVE_STRINGS_H 1
| #define HAVE_SYS_STAT_H 1
| #define HAVE_SYS_TYPES_H 1
| #define HAVE_UNISTD_H 1
| #define HAVE_WCHAR_H 1
| /* end confdefs.h.  */
| #include <stddef.h>
| #ifdef HAVE_STDIO_H
| # include <stdio.h>
| #endif
| #ifdef HAVE_STDLIB_H
| # include <stdlib.h>
| #endif
| #ifdef HAVE_STRING_H
| # include <string.h>
| #endif
| #ifdef HAVE_INTTYPES_H
| # include <inttypes.h>
| #endif
| #ifdef HAVE_STDINT_H
| # include <stdint.h>
| #endif
| #ifdef HAVE_STRINGS_H
| # include <strings.h>
| #endif
| #ifdef HAVE_SYS_TYPES_H
| # include <sys/types.h>
| #endif
| #ifdef HAVE_SYS_STAT_H
| # include <sys/stat.h>
| #endif
| #ifdef HAVE_UNISTD_H
| # include <unistd.h>
| #endif
| #include <minix/config.h>
configure:5048: result: no
configure:5048: checking for vfork.h
configure:5048: gcc -c -g -O2  conftest.c >&5
conftest.c:47:10: fatal error: 'vfork.h' file not found
#include <vfork.h>
         ^~~~~~~~~
1 error generated.
configure:5048: $? = 1
configure: failed program was:
| /* confdefs.h */
| #define PACKAGE_NAME "Freeciv"
| #define PACKAGE_TARNAME "freeciv"
| #define PACKAGE_VERSION "3.2.91.4-dev"
| #define PACKAGE_STRING "Freeciv 3.2.91.4-dev"
| #define PACKAGE_BUGREPORT "https://osdn.net/projects/freeciv/ticket/"
| #define PACKAGE_URL "https://www.freeciv.org/"
| #define HAVE_STDIO_H 1
| #define HAVE_STDLIB_H 1
| #define HAVE_STRING_H 1
| #define HAVE_INTTYPES_H 1
| #define HAVE_STDINT_H 1
| #define HAVE_STRINGS_H 1
| #define HAVE_SYS_STAT_H 1
| #define HAVE_SYS_TYPES_H 1
| #define HAVE_UNISTD_H 1
| #define HAVE_WCHAR_H 1
| /* end confdefs.h.  */
| #include <stddef.h>
| #ifdef HAVE_STDIO_H
| # include <stdio.h>
| #endif
| #ifdef HAVE_STDLIB_H
| # include <stdlib.h>
| #endif
| #ifdef HAVE_STRING_H
| # include <string.h>
| #endif
| #ifdef HAVE_INTTYPES_H
| # include <inttypes.h>
| #endif
| #ifdef HAVE_STDINT_H
| # include <stdint.h>
| #endif
| #ifdef HAVE_STRINGS_H
| # include <strings.h>
| #endif
| #ifdef HAVE_SYS_TYPES_H
| # include <sys/types.h>
| #endif
| #ifdef HAVE_SYS_STAT_H
| # include <sys/stat.h>
| #endif
| #ifdef HAVE_UNISTD_H
| # include <unistd.h>
| #endif
| #include <vfork.h>
configure:5048: result: no
configure:5079: checking whether it is safe to define __EXTENSIONS__
configure:5098: gcc -c -g -O2  conftest.c >&5
configure:5098: $? = 0
configure:5108: result: yes
configure:5111: checking whether _XOPEN_SOURCE should be defined
configure:5133: gcc -c -g -O2  conftest.c >&5
configure:5133: $? = 0
configure:5162: result: no
configure:5221: checking whether byte ordering is bigendian
configure:5237: gcc -c -g -O2  conftest.c >&5
configure:5237: $? = 0
configure:5283: gcc -c -g -O2  conftest.c >&5
configure:5283: $? = 0
configure:5302: gcc -c -g -O2  conftest.c >&5
conftest.c:44:4: error: use of undeclared identifier 'not'
                 not big endian
                 ^
1 error generated.
configure:5302: $? = 1
configure: failed program was:
| /* confdefs.h */
| #define PACKAGE_NAME "Freeciv"
| #define PACKAGE_TARNAME "freeciv"
| #define PACKAGE_VERSION "3.2.91.4-dev"
| #define PACKAGE_STRING "Freeciv 3.2.91.4-dev"
| #define PACKAGE_BUGREPORT "https://osdn.net/projects/freeciv/ticket/"
| #define PACKAGE_URL "https://www.freeciv.org/"
| #define HAVE_STDIO_H 1
| #define HAVE_STDLIB_H 1
| #define HAVE_STRING_H 1
| #define HAVE_INTTYPES_H 1
| #define HAVE_STDINT_H 1
| #define HAVE_STRINGS_H 1
| #define HAVE_SYS_STAT_H 1
| #define HAVE_SYS_TYPES_H 1
| #define HAVE_UNISTD_H 1
| #define HAVE_WCHAR_H 1
| #define STDC_HEADERS 1
| #define _ALL_SOURCE 1
| #define _DARWIN_C_SOURCE 1
| #define _GNU_SOURCE 1
| #define _HPUX_ALT_XOPEN_SOCKET_API 1
| #define _NETBSD_SOURCE 1
| #define _OPENBSD_SOURCE 1
| #define _POSIX_PTHREAD_SEMANTICS 1
| #define __STDC_WANT_IEC_60559_ATTRIBS_EXT__ 1
| #define __STDC_WANT_IEC_60559_BFP_EXT__ 1
| #define __STDC_WANT_IEC_60559_DFP_EXT__ 1
| #define __STDC_WANT_IEC_60559_EXT__ 1
| #define __STDC_WANT_IEC_60559_FUNCS_EXT__ 1
| #define __STDC_WANT_IEC_60559_TYPES_EXT__ 1
| #define __STDC_WANT_LIB_EXT2__ 1
| #define __STDC_WANT_MATH_SPEC_FUNCS__ 1
| #define _TANDEM_SOURCE 1
| #define __EXTENSIONS__ 1
| /* end confdefs.h.  */
| #include <sys/types.h>
| 		#include <sys/param.h>
| 
| int
| main (void)
| {
| #if BYTE_ORDER != BIG_ENDIAN
| 		 not big endian
| 		#endif
| 
|   ;
|   return 0;
| }
configure:5443: result: no
configure:5469: checking for gcc option to enable large file support
configure:5504: gcc -c -g -O2  conftest.c >&5
configure:5504: $? = 0
configure:5510: gcc -DFTYPE=ino_t -c -g -O2  conftest.c >&5
configure:5510: $? = 0
configure:5535: result: none needed
configure:5562: checking for gcc option for timestamps after 2038
configure:5594: gcc -c -g -O2  conftest.c >&5
configure:5594: $? = 0
configure:5606: result: none needed
configure:5666: checking for emscripten
configure:5675: gcc -c -g -O2  conftest.c >&5
conftest.c:38:10: error: unknown type name 'error'
         error fail
         ^
conftest.c:38:20: error: expected ';' after top level declarator
         error fail
                   ^
                   ;
2 errors generated.
configure:5675: $? = 1
configure: failed program was:
| /* confdefs.h */
| #define PACKAGE_NAME "Freeciv"
| #define PACKAGE_TARNAME "freeciv"
| #define PACKAGE_VERSION "3.2.91.4-dev"
| #define PACKAGE_STRING "Freeciv 3.2.91.4-dev"
| #define PACKAGE_BUGREPORT "https://osdn.net/projects/freeciv/ticket/"
| #define PACKAGE_URL "https://www.freeciv.org/"
| #define HAVE_STDIO_H 1
| #define HAVE_STDLIB_H 1
| #define HAVE_STRING_H 1
| #define HAVE_INTTYPES_H 1
| #define HAVE_STDINT_H 1
| #define HAVE_STRINGS_H 1
| #define HAVE_SYS_STAT_H 1
| #define HAVE_SYS_TYPES_H 1
| #define HAVE_UNISTD_H 1
| #define HAVE_WCHAR_H 1
| #define STDC_HEADERS 1
| #define _ALL_SOURCE 1
| #define _DARWIN_C_SOURCE 1
| #define _GNU_SOURCE 1
| #define _HPUX_ALT_XOPEN_SOCKET_API 1
| #define _NETBSD_SOURCE 1
| #define _OPENBSD_SOURCE 1
| #define _POSIX_PTHREAD_SEMANTICS 1
| #define __STDC_WANT_IEC_60559_ATTRIBS_EXT__ 1
| #define __STDC_WANT_IEC_60559_BFP_EXT__ 1
| #define __STDC_WANT_IEC_60559_DFP_EXT__ 1
| #define __STDC_WANT_IEC_60559_EXT__ 1
| #define __STDC_WANT_IEC_60559_FUNCS_EXT__ 1
| #define __STDC_WANT_IEC_60559_TYPES_EXT__ 1
| #define __STDC_WANT_LIB_EXT2__ 1
| #define __STDC_WANT_MATH_SPEC_FUNCS__ 1
| #define _TANDEM_SOURCE 1
| #define __EXTENSIONS__ 1
| /* end confdefs.h.  */
| #ifndef __EMSCRIPTEN__
|          error fail
|         #endif
| 
configure:5681: result: no
configure:5883: checking for a BSD-compatible install
configure:5957: result: /usr/bin/install -c
configure:5968: checking whether build environment is sane
configure:6023: result: yes
configure:6180: checking for a race-free mkdir -p
configure:6223: result: /opt/homebrew/bin/gmkdir -p
configure:6230: checking for gawk
configure:6251: found /opt/homebrew/bin/gawk
configure:6263: result: gawk
configure:6274: checking whether make sets $(MAKE)
configure:6298: result: yes
configure:6320: checking whether make supports the include directive
configure:6335: make -f confmf.GNU && cat confinc.out
this is the am__doit target
configure:6338: $? = 0
configure:6357: result: yes (GNU style)
configure:6392: checking whether make supports nested variables
configure:6411: result: yes
configure:6492: checking dependency style of gcc
configure:6605: result: gcc3
configure:6690: checking whether make supports nested variables
configure:6709: result: yes
configure:6725: checking for a sed that does not truncate output
configure:6797: result: /usr/bin/sed
configure:6803: checking can we call malloc(0)
configure:6832: gcc -o conftest -g -O2   conftest.c  >&5
configure:6832: $? = 0
configure:6832: ./conftest
configure:6832: $? = 0
configure:6846: result: yes
configure:6982: checking for SQLite3 library >= 3.0.0
configure:7024: gcc -c -g -O2   conftest.c >&5
configure:7024: $? = 0
configure:7027: result: yes
configure:7515: checking for SQLite3 library >= 3.0.0
configure:7557: gcc -c -g -O2   conftest.c >&5
configure:7557: $? = 0
configure:7560: result: yes
configure:7720: checking for sys/types.h
configure:7720: result: yes
configure:7734: checking for sys/socket.h
configure:7734: gcc -c -g -O2  conftest.c >&5
configure:7734: $? = 0
configure:7734: result: yes
configure:7749: checking for getaddrinfo
configure:7749: gcc -o conftest -g -O2   conftest.c  >&5
configure:7749: $? = 0
configure:7749: result: yes
configure:7810: checking for inet_pton
configure:7810: gcc -o conftest -g -O2   conftest.c  >&5
configure:7810: $? = 0
configure:7810: result: yes
configure:7850: checking for inet_ntop
configure:7850: gcc -o conftest -g -O2   conftest.c  >&5
configure:7850: $? = 0
configure:7850: result: yes
configure:7890: checking for getnameinfo
configure:7890: gcc -o conftest -g -O2   conftest.c  >&5
configure:7890: $? = 0
configure:7890: result: yes
configure:7931: checking for AF_INET6
configure:7953: gcc -c -g -O2  conftest.c >&5
configure:7953: $? = 0
configure:7955: result: yes
configure:8446: checking for gawk
configure:8479: result: gawk
configure:8544: checking for gcc
configure:8577: result: gcc
configure:8936: checking for C compiler version
configure:8945: gcc --version >&5
Apple clang version 14.0.3 (clang-1403.0.22.14.1)
Target: arm64-apple-darwin22.1.0
Thread model: posix
InstalledDir: /Library/Developer/CommandLineTools/usr/bin
configure:8956: $? = 0
configure:8945: gcc -v >&5
Apple clang version 14.0.3 (clang-1403.0.22.14.1)
Target: arm64-apple-darwin22.1.0
Thread model: posix
InstalledDir: /Library/Developer/CommandLineTools/usr/bin
configure:8956: $? = 0
configure:8945: gcc -V >&5
clang: error: argument to '-V' is missing (expected 1 value)
clang: error: no input files
configure:8956: $? = 1
configure:8945: gcc -qversion >&5
clang: error: unknown argument '-qversion'; did you mean '--version'?
clang: error: no input files
configure:8956: $? = 1
configure:8945: gcc -version >&5
clang: error: unknown argument '-version'; did you mean '--version'?
clang: error: no input files
configure:8956: $? = 1
configure:8960: checking whether the compiler supports GNU C
configure:8992: result: yes
configure:9003: checking whether gcc accepts -g
configure:9071: result: yes
configure:9091: checking for gcc option to enable C11 features
configure:9125: result: none needed
configure:9249: checking whether gcc understands -c and -o together
configure:9288: result: yes
configure:9310: checking how to run the C preprocessor
configure:9336: gcc -E  conftest.c
configure:9336: $? = 0
configure:9352: gcc -E  conftest.c
conftest.c:75:10: fatal error: 'ac_nonexistent.h' file not found
#include <ac_nonexistent.h>
         ^~~~~~~~~~~~~~~~~~
1 error generated.
configure:9352: $? = 1
configure: failed program was:
| /* confdefs.h */
| #define PACKAGE_NAME "Freeciv"
| #define PACKAGE_TARNAME "freeciv"
| #define PACKAGE_VERSION "3.2.91.4-dev"
| #define PACKAGE_STRING "Freeciv 3.2.91.4-dev"
| #define PACKAGE_BUGREPORT "https://osdn.net/projects/freeciv/ticket/"
| #define PACKAGE_URL "https://www.freeciv.org/"
| #define HAVE_STDIO_H 1
| #define HAVE_STDLIB_H 1
| #define HAVE_STRING_H 1
| #define HAVE_INTTYPES_H 1
| #define HAVE_STDINT_H 1
| #define HAVE_STRINGS_H 1
| #define HAVE_SYS_STAT_H 1
| #define HAVE_SYS_TYPES_H 1
| #define HAVE_UNISTD_H 1
| #define HAVE_WCHAR_H 1
| #define STDC_HEADERS 1
| #define _ALL_SOURCE 1
| #define _DARWIN_C_SOURCE 1
| #define _GNU_SOURCE 1
| #define _HPUX_ALT_XOPEN_SOCKET_API 1
| #define _NETBSD_SOURCE 1
| #define _OPENBSD_SOURCE 1
| #define _POSIX_PTHREAD_SEMANTICS 1
| #define __STDC_WANT_IEC_60559_ATTRIBS_EXT__ 1
| #define __STDC_WANT_IEC_60559_BFP_EXT__ 1
| #define __STDC_WANT_IEC_60559_DFP_EXT__ 1
| #define __STDC_WANT_IEC_60559_EXT__ 1
| #define __STDC_WANT_IEC_60559_FUNCS_EXT__ 1
| #define __STDC_WANT_IEC_60559_TYPES_EXT__ 1
| #define __STDC_WANT_LIB_EXT2__ 1
| #define __STDC_WANT_MATH_SPEC_FUNCS__ 1
| #define _TANDEM_SOURCE 1
| #define __EXTENSIONS__ 1
| #define FC_CONFIG_H 1
| #define BUG_URL "https://osdn.net/projects/freeciv/ticket/"
| #define MAJOR_VERSION 3
| #define MINOR_VERSION 2
| #define PATCH_VERSION 91
| #define EMERGENCY_VERSION 4
| #define VERSION_LABEL "-dev"
| #define VERSION_STRING "3.2.91.4-dev"
| #define IS_DEVEL_VERSION 1
| #define IS_FREEZE_VERSION 0
| #define IS_BETA_VERSION 0
| #define NEXT_STABLE_VERSION "3.3.0"
| #define FREECIV_RELEASE_MONTH 0
| #define DATASUBDIR "dev"
| #define FREECIV_DISTRIBUTOR ""
| #define PACKAGE "freeciv"
| #define VERSION "3.2.91.4-dev"
| #define MALLOC_ZERO_OK 1
| #define HAVE_FCDB_SQLITE3 1
| #define HAVE_FCDB 1
| #define HAVE_SYS_TYPES_H 1
| #define FREECIV_HAVE_SYS_TYPES_H 1
| #define HAVE_SYS_SOCKET_H 1
| #define FREECIV_HAVE_SYS_SOCKET_H 1
| #define HAVE_GETADDRINFO 1
| #define HAVE_INET_PTON 1
| #define HAVE_INET_NTOP 1
| #define HAVE_GETNAMEINFO 1
| #define FREECIV_IPV6_SUPPORT 1
| #define DEFAULT_SOCK_PORT 5556
| #define FREECIV_JSON_PORT 6556
| #define FREECIV_META_URL "https://meta.freeciv.org/metaserver.php"
| #define HOMEPAGE_URL "https://www.freeciv.org/"
| #define FOLLOWTAG "S3_3"
| #define FREECIV_DEV_SAVE_COMPAT 1
| #define FREECIV_DEV_SAVE_COMPAT_3_3 1
| #define FREECIV_DEV_SAVE_COMPAT_3_2 1
| #define FREECIV_DELTA_PROTOCOL 1
| /* end confdefs.h.  */
| #include <ac_nonexistent.h>
configure:9381: result: gcc -E
configure:9395: gcc -E  conftest.c
configure:9395: $? = 0
configure:9411: gcc -E  conftest.c
conftest.c:75:10: fatal error: 'ac_nonexistent.h' file not found
#include <ac_nonexistent.h>
         ^~~~~~~~~~~~~~~~~~
1 error generated.
configure:9411: $? = 1
configure: failed program was:
| /* confdefs.h */
| #define PACKAGE_NAME "Freeciv"
| #define PACKAGE_TARNAME "freeciv"
| #define PACKAGE_VERSION "3.2.91.4-dev"
| #define PACKAGE_STRING "Freeciv 3.2.91.4-dev"
| #define PACKAGE_BUGREPORT "https://osdn.net/projects/freeciv/ticket/"
| #define PACKAGE_URL "https://www.freeciv.org/"
| #define HAVE_STDIO_H 1
| #define HAVE_STDLIB_H 1
| #define HAVE_STRING_H 1
| #define HAVE_INTTYPES_H 1
| #define HAVE_STDINT_H 1
| #define HAVE_STRINGS_H 1
| #define HAVE_SYS_STAT_H 1
| #define HAVE_SYS_TYPES_H 1
| #define HAVE_UNISTD_H 1
| #define HAVE_WCHAR_H 1
| #define STDC_HEADERS 1
| #define _ALL_SOURCE 1
| #define _DARWIN_C_SOURCE 1
| #define _GNU_SOURCE 1
| #define _HPUX_ALT_XOPEN_SOCKET_API 1
| #define _NETBSD_SOURCE 1
| #define _OPENBSD_SOURCE 1
| #define _POSIX_PTHREAD_SEMANTICS 1
| #define __STDC_WANT_IEC_60559_ATTRIBS_EXT__ 1
| #define __STDC_WANT_IEC_60559_BFP_EXT__ 1
| #define __STDC_WANT_IEC_60559_DFP_EXT__ 1
| #define __STDC_WANT_IEC_60559_EXT__ 1
| #define __STDC_WANT_IEC_60559_FUNCS_EXT__ 1
| #define __STDC_WANT_IEC_60559_TYPES_EXT__ 1
| #define __STDC_WANT_LIB_EXT2__ 1
| #define __STDC_WANT_MATH_SPEC_FUNCS__ 1
| #define _TANDEM_SOURCE 1
| #define __EXTENSIONS__ 1
| #define FC_CONFIG_H 1
| #define BUG_URL "https://osdn.net/projects/freeciv/ticket/"
| #define MAJOR_VERSION 3
| #define MINOR_VERSION 2
| #define PATCH_VERSION 91
| #define EMERGENCY_VERSION 4
| #define VERSION_LABEL "-dev"
| #define VERSION_STRING "3.2.91.4-dev"
| #define IS_DEVEL_VERSION 1
| #define IS_FREEZE_VERSION 0
| #define IS_BETA_VERSION 0
| #define NEXT_STABLE_VERSION "3.3.0"
| #define FREECIV_RELEASE_MONTH 0
| #define DATASUBDIR "dev"
| #define FREECIV_DISTRIBUTOR ""
| #define PACKAGE "freeciv"
| #define VERSION "3.2.91.4-dev"
| #define MALLOC_ZERO_OK 1
| #define HAVE_FCDB_SQLITE3 1
| #define HAVE_FCDB 1
| #define HAVE_SYS_TYPES_H 1
| #define FREECIV_HAVE_SYS_TYPES_H 1
| #define HAVE_SYS_SOCKET_H 1
| #define FREECIV_HAVE_SYS_SOCKET_H 1
| #define HAVE_GETADDRINFO 1
| #define HAVE_INET_PTON 1
| #define HAVE_INET_NTOP 1
| #define HAVE_GETNAMEINFO 1
| #define FREECIV_IPV6_SUPPORT 1
| #define DEFAULT_SOCK_PORT 5556
| #define FREECIV_JSON_PORT 6556
| #define FREECIV_META_URL "https://meta.freeciv.org/metaserver.php"
| #define HOMEPAGE_URL "https://www.freeciv.org/"
| #define FOLLOWTAG "S3_3"
| #define FREECIV_DEV_SAVE_COMPAT 1
| #define FREECIV_DEV_SAVE_COMPAT_3_3 1
| #define FREECIV_DEV_SAVE_COMPAT_3_2 1
| #define FREECIV_DELTA_PROTOCOL 1
| /* end confdefs.h.  */
| #include <ac_nonexistent.h>
configure:9443: checking whether ln -s works
configure:9447: result: yes
configure:9537: checking for ar
configure:9558: found /usr/bin/ar
configure:9570: result: ar
configure:9644: checking how to print strings
configure:9671: result: printf
configure:9692: checking for a sed that does not truncate output
configure:9764: result: /usr/bin/sed
configure:9782: checking for grep that handles long lines and -e
configure:9848: result: /usr/bin/grep
configure:9853: checking for egrep
configure:9923: result: /usr/bin/grep -E
configure:9930: checking for fgrep
configure:10000: result: /usr/bin/grep -F
configure:10037: checking for ld used by gcc
configure:10106: result: /Library/Developer/CommandLineTools/usr/bin/ld
configure:10113: checking if the linker (/Library/Developer/CommandLineTools/usr/bin/ld) is GNU ld
configure:10130: result: no
configure:10142: checking for BSD- or MS-compatible name lister (nm)
configure:10198: result: /usr/bin/nm -B
configure:10340: checking the name lister (/usr/bin/nm -B) interface
configure:10348: gcc -c -g -O2  conftest.c >&5
configure:10351: /usr/bin/nm -B "conftest.o"
configure:10354: output
0000000000000230 S _some_variable
0000000000000000 t ltmp0
0000000000000230 s ltmp1
configure:10362: result: BSD nm
configure:10366: checking the maximum length of command line arguments
configure:10499: result: 786432
configure:10547: checking how to convert aarch64-apple-darwin22.1.0 file names to aarch64-apple-darwin22.1.0 format
configure:10589: result: func_convert_file_noop
configure:10596: checking how to convert aarch64-apple-darwin22.1.0 file names to toolchain format
configure:10618: result: func_convert_file_noop
configure:10625: checking for /Library/Developer/CommandLineTools/usr/bin/ld option to reload object files
configure:10634: result: -r
configure:10714: checking for file
configure:10735: found /usr/bin/file
configure:10747: result: file
configure:10824: checking for objdump
configure:10845: found /usr/bin/objdump
configure:10857: result: objdump
configure:10889: checking how to recognize dependent libraries
configure:11091: result: pass_all
configure:11182: checking for dlltool
configure:11218: result: no
configure:11248: checking how to associate runtime and link libraries
configure:11277: result: printf %s\n
configure:11429: checking for archiver @FILE support
configure:11447: gcc -c -g -O2  conftest.c >&5
configure:11447: $? = 0
configure:11451: ar cr libconftest.a @conftest.lst >&5
ar: @conftest.lst: No such file or directory
configure:11454: $? = 1
configure:11475: result: no
configure:11539: checking for strip
configure:11560: found /usr/bin/strip
configure:11572: result: strip
configure:11650: checking for ranlib
configure:11671: found /usr/bin/ranlib
configure:11683: result: ranlib
configure:11785: checking command to parse /usr/bin/nm -B output from gcc object
configure:11939: gcc -c -g -O2  conftest.c >&5
configure:11942: $? = 0
configure:11946: /usr/bin/nm -B conftest.o \| /usr/bin/sed -n -e 's/^.*[ ]\([ABCDGIRSTW][ABCDGIRSTW]*\)[ ][ ]*\([_A-Za-z][_A-Za-z0-9]*\)$/\1 \2 \2/p' | /usr/bin/sed '/ __gnu_lto/d' \> conftest.nm
configure:11949: $? = 0
cannot find nm_test_var in conftest.nm
configure:11939: gcc -c -g -O2  conftest.c >&5
configure:11942: $? = 0
configure:11946: /usr/bin/nm -B conftest.o \| /usr/bin/sed -n -e 's/^.*[ ]\([ABCDGIRSTW][ABCDGIRSTW]*\)[ ][ ]*_\([_A-Za-z][_A-Za-z0-9]*\)$/\1 _\2 \2/p' | /usr/bin/sed '/ __gnu_lto/d' \> conftest.nm
configure:11949: $? = 0
configure:12015: gcc -o conftest -g -O2   conftest.c conftstm.o >&5
warning: (arm64)  could not find object file symbol for symbol _main
configure:12018: $? = 0
configure:12057: result: ok
configure:12104: checking for sysroot
configure:12136: result: no
configure:12143: checking for a working dd
configure:12188: result: /bin/dd
configure:12192: checking how to truncate binary pipes
configure:12209: result: /bin/dd bs=4096 count=1
configure:12549: checking for mt
configure:12585: result: no
configure:12605: checking if : is a manifest tool
configure:12612: : '-?'
configure:12621: result: no
configure:12683: checking for dsymutil
configure:12704: found /usr/bin/dsymutil
configure:12716: result: dsymutil
configure:12787: checking for nmedit
configure:12808: found /usr/bin/nmedit
configure:12820: result: nmedit
configure:12891: checking for lipo
configure:12912: found /usr/bin/lipo
configure:12924: result: lipo
configure:12995: checking for otool
configure:13016: found /usr/bin/otool
configure:13028: result: otool
configure:13099: checking for otool64
configure:13135: result: no
configure:13180: checking for -single_module linker flag
gcc -g -O2  -o libconftest.dylib -dynamiclib -Wl,-single_module conftest.c
configure:13215: result: yes
configure:13218: checking for -exported_symbols_list linker flag
configure:13239: gcc -o conftest -g -O2   -Wl,-exported_symbols_list,conftest.sym conftest.c  >&5
configure:13239: $? = 0
configure:13252: result: yes
configure:13255: checking for -force_load linker flag
gcc -g -O2 -c -o conftest.o conftest.c
ar cr libconftest.a conftest.o
ranlib libconftest.a
gcc -g -O2  -o conftest conftest.c -Wl,-force_load,./libconftest.a
configure:13289: result: yes
configure:13356: checking for dlfcn.h
configure:13356: gcc -c -g -O2  conftest.c >&5
configure:13356: $? = 0
configure:13356: result: yes
configure:13589: checking for objdir
configure:13606: result: .libs
configure:13872: checking if gcc supports -fno-rtti -fno-exceptions
configure:13891: gcc -c -g -O2  -fno-rtti -fno-exceptions conftest.c >&5
configure:13895: $? = 0
configure:13909: result: yes
configure:14267: checking for gcc option to produce PIC
configure:14276: result: -fno-common -DPIC
configure:14284: checking if gcc PIC flag -fno-common -DPIC works
configure:14303: gcc -c -g -O2  -fno-common -DPIC -DPIC conftest.c >&5
configure:14307: $? = 0
configure:14321: result: yes
configure:14350: checking if gcc static flag -static works
configure:14380: result: no
configure:14395: checking if gcc supports -c -o file.o
configure:14417: gcc -c -g -O2  -o out/conftest2.o conftest.c >&5
configure:14421: $? = 0
configure:14444: result: yes
configure:14452: checking if gcc supports -c -o file.o
configure:14501: result: yes
configure:14534: checking whether the gcc linker (/Library/Developer/CommandLineTools/usr/bin/ld) supports shared libraries
configure:15807: result: yes
configure:16049: checking dynamic linker characteristics
configure:16871: result: darwin22.1.0 dyld
configure:16993: checking how to hardcode library paths into programs
configure:17018: result: immediate
configure:17618: checking whether stripping libraries is possible
configure:17635: result: yes
configure:17669: checking if libtool supports shared libraries
configure:17671: result: yes
configure:17674: checking whether to build shared libraries
configure:17699: result: no
configure:17702: checking whether to build static libraries
configure:17706: result: yes
configure:17815: checking for g++
configure:17836: found /usr/bin/g++
configure:17848: result: g++
configure:17875: checking for C++ compiler version
configure:17884: g++ --version >&5
Apple clang version 14.0.3 (clang-1403.0.22.14.1)
Target: arm64-apple-darwin22.1.0
Thread model: posix
InstalledDir: /Library/Developer/CommandLineTools/usr/bin
configure:17895: $? = 0
configure:17884: g++ -v >&5
Apple clang version 14.0.3 (clang-1403.0.22.14.1)
Target: arm64-apple-darwin22.1.0
Thread model: posix
InstalledDir: /Library/Developer/CommandLineTools/usr/bin
configure:17895: $? = 0
configure:17884: g++ -V >&5
clang: error: argument to '-V' is missing (expected 1 value)
clang: error: no input files
configure:17895: $? = 1
configure:17884: g++ -qversion >&5
clang: error: unknown argument '-qversion'; did you mean '--version'?
clang: error: no input files
configure:17895: $? = 1
configure:17899: checking whether the compiler supports GNU C++
configure:17919: g++ -c   conftest.cpp >&5
configure:17919: $? = 0
configure:17931: result: yes
configure:17942: checking whether g++ accepts -g
configure:17963: g++ -c -g  conftest.cpp >&5
configure:17963: $? = 0
configure:18010: result: yes
configure:18030: checking for g++ option to enable C++11 features
configure:18045: g++  -c -g -O2  conftest.cpp >&5
conftest.cpp:123:3: error: "Compiler does not advertise C++11 conformance"
# error "Compiler does not advertise C++11 conformance"
  ^
conftest.cpp:128:3: error: unknown type name 'constexpr'
  constexpr int get_val() { return 20; }
  ^
conftest.cpp:140:17: error: delegating constructors are permitted only in C++11
    delegate(): delegate(2354) {}
                ^~~~~~~~
conftest.cpp:151:26: warning: 'override' keyword is a C++11 extension [-Wc++11-extensions]
    virtual int getval() override final { return this->n * 2; }
                         ^
conftest.cpp:151:35: warning: 'final' keyword is a C++11 extension [-Wc++11-extensions]
    virtual int getval() override final { return this->n * 2; }
                                  ^
conftest.cpp:158:16: warning: defaulted function definitions are a C++11 extension [-Wc++11-extensions]
    nocopy() = default;
               ^
conftest.cpp:159:29: warning: deleted function definitions are a C++11 extension [-Wc++11-extensions]
    nocopy(const nocopy&) = delete;
                            ^
conftest.cpp:160:41: warning: deleted function definitions are a C++11 extension [-Wc++11-extensions]
    nocopy & operator=(const nocopy&) = delete;
                                        ^
conftest.cpp:172:25: warning: 'auto' type specifier is a C++11 extension [-Wc++11-extensions]
  template <typename V> auto sum(V first) -> V
                        ^
conftest.cpp:172:25: error: 'auto' not allowed in function return type
  template <typename V> auto sum(V first) -> V
                        ^~~~
conftest.cpp:172:42: error: expected ';' at end of declaration
  template <typename V> auto sum(V first) -> V
                                         ^
                                         ;
conftest.cpp:172:43: error: cannot use arrow operator on a type
  template <typename V> auto sum(V first) -> V
                                          ^
conftest.cpp:176:33: warning: variadic templates are a C++11 extension [-Wc++11-extensions]
  template <typename V, typename... Args> auto sum(V first, Args... rest) -> V
                                ^
conftest.cpp:176:43: warning: 'auto' type specifier is a C++11 extension [-Wc++11-extensions]
  template <typename V, typename... Args> auto sum(V first, Args... rest) -> V
                                          ^
conftest.cpp:176:43: error: 'auto' not allowed in function return type
  template <typename V, typename... Args> auto sum(V first, Args... rest) -> V
                                          ^~~~
conftest.cpp:176:74: error: expected ';' at end of declaration
  template <typename V, typename... Args> auto sum(V first, Args... rest) -> V
                                                                         ^
                                                                         ;
conftest.cpp:176:75: error: cannot use arrow operator on a type
  template <typename V, typename... Args> auto sum(V first, Args... rest) -> V
                                                                          ^
conftest.cpp:200:3: warning: 'auto' type specifier is a C++11 extension [-Wc++11-extensions]
  auto a1 = 6538;
  ^
conftest.cpp:201:3: warning: 'auto' type specifier is a C++11 extension [-Wc++11-extensions]
  auto a2 = 48573953.4;
  ^
conftest.cpp:202:3: warning: 'auto' type specifier is a C++11 extension [-Wc++11-extensions]
  auto a3 = "String literal";
  ^
conftest.cpp:205:8: warning: 'auto' type specifier is a C++11 extension [-Wc++11-extensions]
  for (auto i = a3; *i; ++i) { total += *i; }
       ^
conftest.cpp:221:8: warning: 'auto' type specifier is a C++11 extension [-Wc++11-extensions]
  for (auto &x : array) { x += 23; }
       ^
conftest.cpp:221:16: warning: range-based for loop is a C++11 extension [-Wc++11-extensions]
  for (auto &x : array) { x += 23; }
               ^
conftest.cpp:226:17: error: expected expression
  assert (eval ([](int x) { return x*2; }, 21) == 42);
                ^
conftest.cpp:228:17: error: expected expression
  assert (eval ([&](double x) { return d += x; }, 3.0) == 5.0);
                ^
conftest.cpp:230:17: error: expected expression
  assert (eval ([=](double x) mutable { return d += x; }, 4.0) == 9.0);
                ^
conftest.cpp:236:3: warning: 'auto' type specifier is a C++11 extension [-Wc++11-extensions]
  auto a = sum(1);
  ^
conftest.cpp:236:12: error: no matching function for call to 'sum'
  auto a = sum(1);
           ^~~
conftest.cpp:237:3: warning: 'auto' type specifier is a C++11 extension [-Wc++11-extensions]
  auto b = sum(1, 2);
  ^
conftest.cpp:237:12: error: no matching function for call to 'sum'
  auto b = sum(1, 2);
           ^~~
conftest.cpp:238:3: warning: 'auto' type specifier is a C++11 extension [-Wc++11-extensions]
  auto c = sum(1.0, 2.0, 3.0);
  ^
conftest.cpp:238:12: error: no matching function for call to 'sum'
  auto c = sum(1.0, 2.0, 3.0);
           ^~~
conftest.cpp:243:25: warning: empty parentheses interpreted as a function declaration [-Wvexing-parse]
  cxx11test::delegate d2();
                        ^~
conftest.cpp:243:25: note: remove parentheses to declare a variable
  cxx11test::delegate d2();
                        ^~
conftest.cpp:256:16: error: found '<::' after a template name which forms the digraph '<:' (aka '[') and a ':', did you mean '< ::'?
  test_template<::test_template<int>> v(test_template<int>(12));
               ^~~
               < ::
conftest.cpp:256:36: error: a space is required between consecutive right angle brackets (use '> >')
  test_template<::test_template<int>> v(test_template<int>(12));
                                   ^~
                                   > >
conftest.cpp:260:22: error: use of undeclared identifier 'u8'
  char const *utf8 = u8"UTF-8 string \u2500";
                     ^
conftest.cpp:260:24: error: expected ';' at end of declaration
  char const *utf8 = u8"UTF-8 string \u2500";
                       ^
                       ;
fatal error: too many errors emitted, stopping now [-ferror-limit=]
18 warnings and 20 errors generated.
configure:18045: $? = 1
configure: failed program was:
| /* confdefs.h */
| #define PACKAGE_NAME "Freeciv"
| #define PACKAGE_TARNAME "freeciv"
| #define PACKAGE_VERSION "3.2.91.4-dev"
| #define PACKAGE_STRING "Freeciv 3.2.91.4-dev"
| #define PACKAGE_BUGREPORT "https://osdn.net/projects/freeciv/ticket/"
| #define PACKAGE_URL "https://www.freeciv.org/"
| #define HAVE_STDIO_H 1
| #define HAVE_STDLIB_H 1
| #define HAVE_STRING_H 1
| #define HAVE_INTTYPES_H 1
| #define HAVE_STDINT_H 1
| #define HAVE_STRINGS_H 1
| #define HAVE_SYS_STAT_H 1
| #define HAVE_SYS_TYPES_H 1
| #define HAVE_UNISTD_H 1
| #define HAVE_WCHAR_H 1
| #define STDC_HEADERS 1
| #define _ALL_SOURCE 1
| #define _DARWIN_C_SOURCE 1
| #define _GNU_SOURCE 1
| #define _HPUX_ALT_XOPEN_SOCKET_API 1
| #define _NETBSD_SOURCE 1
| #define _OPENBSD_SOURCE 1
| #define _POSIX_PTHREAD_SEMANTICS 1
| #define __STDC_WANT_IEC_60559_ATTRIBS_EXT__ 1
| #define __STDC_WANT_IEC_60559_BFP_EXT__ 1
| #define __STDC_WANT_IEC_60559_DFP_EXT__ 1
| #define __STDC_WANT_IEC_60559_EXT__ 1
| #define __STDC_WANT_IEC_60559_FUNCS_EXT__ 1
| #define __STDC_WANT_IEC_60559_TYPES_EXT__ 1
| #define __STDC_WANT_LIB_EXT2__ 1
| #define __STDC_WANT_MATH_SPEC_FUNCS__ 1
| #define _TANDEM_SOURCE 1
| #define __EXTENSIONS__ 1
| #define FC_CONFIG_H 1
| #define BUG_URL "https://osdn.net/projects/freeciv/ticket/"
| #define MAJOR_VERSION 3
| #define MINOR_VERSION 2
| #define PATCH_VERSION 91
| #define EMERGENCY_VERSION 4
| #define VERSION_LABEL "-dev"
| #define VERSION_STRING "3.2.91.4-dev"
| #define IS_DEVEL_VERSION 1
| #define IS_FREEZE_VERSION 0
| #define IS_BETA_VERSION 0
| #define NEXT_STABLE_VERSION "3.3.0"
| #define FREECIV_RELEASE_MONTH 0
| #define DATASUBDIR "dev"
| #define FREECIV_DISTRIBUTOR ""
| #define PACKAGE "freeciv"
| #define VERSION "3.2.91.4-dev"
| #define MALLOC_ZERO_OK 1
| #define HAVE_FCDB_SQLITE3 1
| #define HAVE_FCDB 1
| #define HAVE_SYS_TYPES_H 1
| #define FREECIV_HAVE_SYS_TYPES_H 1
| #define HAVE_SYS_SOCKET_H 1
| #define FREECIV_HAVE_SYS_SOCKET_H 1
| #define HAVE_GETADDRINFO 1
| #define HAVE_INET_PTON 1
| #define HAVE_INET_NTOP 1
| #define HAVE_GETNAMEINFO 1
| #define FREECIV_IPV6_SUPPORT 1
| #define DEFAULT_SOCK_PORT 5556
| #define FREECIV_JSON_PORT 6556
| #define FREECIV_META_URL "https://meta.freeciv.org/metaserver.php"
| #define HOMEPAGE_URL "https://www.freeciv.org/"
| #define FOLLOWTAG "S3_3"
| #define FREECIV_DEV_SAVE_COMPAT 1
| #define FREECIV_DEV_SAVE_COMPAT_3_3 1
| #define FREECIV_DEV_SAVE_COMPAT_3_2 1
| #define FREECIV_DELTA_PROTOCOL 1
| #define HAVE_DLFCN_H 1
| #define LT_OBJDIR ".libs/"
| /* end confdefs.h.  */
| 
| // Does the compiler advertise C++98 conformance?
| #if !defined __cplusplus || __cplusplus < 199711L
| # error "Compiler does not advertise C++98 conformance"
| #endif
| 
| // These inclusions are to reject old compilers that
| // lack the unsuffixed header files.
| #include <cstdlib>
| #include <exception>
| 
| // <cassert> and <cstring> are *not* freestanding headers in C++98.
| extern void assert (int);
| namespace std {
|   extern int strcmp (const char *, const char *);
| }
| 
| // Namespaces, exceptions, and templates were all added after "C++ 2.0".
| using std::exception;
| using std::strcmp;
| 
| namespace {
| 
| void test_exception_syntax()
| {
|   try {
|     throw "test";
|   } catch (const char *s) {
|     // Extra parentheses suppress a warning when building autoconf itself,
|     // due to lint rules shared with more typical C programs.
|     assert (!(strcmp) (s, "test"));
|   }
| }
| 
| template <typename T> struct test_template
| {
|   T const val;
|   explicit test_template(T t) : val(t) {}
|   template <typename U> T add(U u) { return static_cast<T>(u) + val; }
| };
| 
| } // anonymous namespace
| 
| 
| // Does the compiler advertise C++ 2011 conformance?
| #if !defined __cplusplus || __cplusplus < 201103L
| # error "Compiler does not advertise C++11 conformance"
| #endif
| 
| namespace cxx11test
| {
|   constexpr int get_val() { return 20; }
| 
|   struct testinit
|   {
|     int i;
|     double d;
|   };
| 
|   class delegate
|   {
|   public:
|     delegate(int n) : n(n) {}
|     delegate(): delegate(2354) {}
| 
|     virtual int getval() { return this->n; };
|   protected:
|     int n;
|   };
| 
|   class overridden : public delegate
|   {
|   public:
|     overridden(int n): delegate(n) {}
|     virtual int getval() override final { return this->n * 2; }
|   };
| 
|   class nocopy
|   {
|   public:
|     nocopy(int i): i(i) {}
|     nocopy() = default;
|     nocopy(const nocopy&) = delete;
|     nocopy & operator=(const nocopy&) = delete;
|   private:
|     int i;
|   };
| 
|   // for testing lambda expressions
|   template <typename Ret, typename Fn> Ret eval(Fn f, Ret v)
|   {
|     return f(v);
|   }
| 
|   // for testing variadic templates and trailing return types
|   template <typename V> auto sum(V first) -> V
|   {
|     return first;
|   }
|   template <typename V, typename... Args> auto sum(V first, Args... rest) -> V
|   {
|     return first + sum(rest...);
|   }
| }
| 
| 
| int
| main (int argc, char **argv)
| {
|   int ok = 0;
|   
|   assert (argc);
|   assert (! argv[0]);
| {
|   test_exception_syntax ();
|   test_template<double> tt (2.0);
|   assert (tt.add (4) == 6.0);
|   assert (true && !false);
| }
| 
|   
| {
|   // Test auto and decltype
|   auto a1 = 6538;
|   auto a2 = 48573953.4;
|   auto a3 = "String literal";
| 
|   int total = 0;
|   for (auto i = a3; *i; ++i) { total += *i; }
| 
|   decltype(a2) a4 = 34895.034;
| }
| {
|   // Test constexpr
|   short sa[cxx11test::get_val()] = { 0 };
| }
| {
|   // Test initializer lists
|   cxx11test::testinit il = { 4323, 435234.23544 };
| }
| {
|   // Test range-based for
|   int array[] = {9, 7, 13, 15, 4, 18, 12, 10, 5, 3,
|                  14, 19, 17, 8, 6, 20, 16, 2, 11, 1};
|   for (auto &x : array) { x += 23; }
| }
| {
|   // Test lambda expressions
|   using cxx11test::eval;
|   assert (eval ([](int x) { return x*2; }, 21) == 42);
|   double d = 2.0;
|   assert (eval ([&](double x) { return d += x; }, 3.0) == 5.0);
|   assert (d == 5.0);
|   assert (eval ([=](double x) mutable { return d += x; }, 4.0) == 9.0);
|   assert (d == 5.0);
| }
| {
|   // Test use of variadic templates
|   using cxx11test::sum;
|   auto a = sum(1);
|   auto b = sum(1, 2);
|   auto c = sum(1.0, 2.0, 3.0);
| }
| {
|   // Test constructor delegation
|   cxx11test::delegate d1;
|   cxx11test::delegate d2();
|   cxx11test::delegate d3(45);
| }
| {
|   // Test override and final
|   cxx11test::overridden o1(55464);
| }
| {
|   // Test nullptr
|   char *c = nullptr;
| }
| {
|   // Test template brackets
|   test_template<::test_template<int>> v(test_template<int>(12));
| }
| {
|   // Unicode literals
|   char const *utf8 = u8"UTF-8 string \u2500";
|   char16_t const *utf16 = u"UTF-8 string \u2500";
|   char32_t const *utf32 = U"UTF-32 string \u2500";
| }
| 
|   return ok;
| }
| 
configure:18045: g++ -std=gnu++11 -c -g -O2  conftest.cpp >&5
conftest.cpp:243:25: warning: empty parentheses interpreted as a function declaration [-Wvexing-parse]
  cxx11test::delegate d2();
                        ^~
conftest.cpp:243:25: note: remove parentheses to declare a variable
  cxx11test::delegate d2();
                        ^~
1 warning generated.
configure:18045: $? = 0
configure:18067: result: -std=gnu++11
configure:18135: checking dependency style of g++ -std=gnu++11
configure:18248: result: gcc3
configure:18281: checking how to run the C++ preprocessor
configure:18303: g++ -std=gnu++11 -E  conftest.cpp
configure:18303: $? = 0
configure:18319: g++ -std=gnu++11 -E  conftest.cpp
conftest.cpp:77:10: fatal error: 'ac_nonexistent.h' file not found
#include <ac_nonexistent.h>
         ^~~~~~~~~~~~~~~~~~
1 error generated.
configure:18319: $? = 1
configure: failed program was:
| /* confdefs.h */
| #define PACKAGE_NAME "Freeciv"
| #define PACKAGE_TARNAME "freeciv"
| #define PACKAGE_VERSION "3.2.91.4-dev"
| #define PACKAGE_STRING "Freeciv 3.2.91.4-dev"
| #define PACKAGE_BUGREPORT "https://osdn.net/projects/freeciv/ticket/"
| #define PACKAGE_URL "https://www.freeciv.org/"
| #define HAVE_STDIO_H 1
| #define HAVE_STDLIB_H 1
| #define HAVE_STRING_H 1
| #define HAVE_INTTYPES_H 1
| #define HAVE_STDINT_H 1
| #define HAVE_STRINGS_H 1
| #define HAVE_SYS_STAT_H 1
| #define HAVE_SYS_TYPES_H 1
| #define HAVE_UNISTD_H 1
| #define HAVE_WCHAR_H 1
| #define STDC_HEADERS 1
| #define _ALL_SOURCE 1
| #define _DARWIN_C_SOURCE 1
| #define _GNU_SOURCE 1
| #define _HPUX_ALT_XOPEN_SOCKET_API 1
| #define _NETBSD_SOURCE 1
| #define _OPENBSD_SOURCE 1
| #define _POSIX_PTHREAD_SEMANTICS 1
| #define __STDC_WANT_IEC_60559_ATTRIBS_EXT__ 1
| #define __STDC_WANT_IEC_60559_BFP_EXT__ 1
| #define __STDC_WANT_IEC_60559_DFP_EXT__ 1
| #define __STDC_WANT_IEC_60559_EXT__ 1
| #define __STDC_WANT_IEC_60559_FUNCS_EXT__ 1
| #define __STDC_WANT_IEC_60559_TYPES_EXT__ 1
| #define __STDC_WANT_LIB_EXT2__ 1
| #define __STDC_WANT_MATH_SPEC_FUNCS__ 1
| #define _TANDEM_SOURCE 1
| #define __EXTENSIONS__ 1
| #define FC_CONFIG_H 1
| #define BUG_URL "https://osdn.net/projects/freeciv/ticket/"
| #define MAJOR_VERSION 3
| #define MINOR_VERSION 2
| #define PATCH_VERSION 91
| #define EMERGENCY_VERSION 4
| #define VERSION_LABEL "-dev"
| #define VERSION_STRING "3.2.91.4-dev"
| #define IS_DEVEL_VERSION 1
| #define IS_FREEZE_VERSION 0
| #define IS_BETA_VERSION 0
| #define NEXT_STABLE_VERSION "3.3.0"
| #define FREECIV_RELEASE_MONTH 0
| #define DATASUBDIR "dev"
| #define FREECIV_DISTRIBUTOR ""
| #define PACKAGE "freeciv"
| #define VERSION "3.2.91.4-dev"
| #define MALLOC_ZERO_OK 1
| #define HAVE_FCDB_SQLITE3 1
| #define HAVE_FCDB 1
| #define HAVE_SYS_TYPES_H 1
| #define FREECIV_HAVE_SYS_TYPES_H 1
| #define HAVE_SYS_SOCKET_H 1
| #define FREECIV_HAVE_SYS_SOCKET_H 1
| #define HAVE_GETADDRINFO 1
| #define HAVE_INET_PTON 1
| #define HAVE_INET_NTOP 1
| #define HAVE_GETNAMEINFO 1
| #define FREECIV_IPV6_SUPPORT 1
| #define DEFAULT_SOCK_PORT 5556
| #define FREECIV_JSON_PORT 6556
| #define FREECIV_META_URL "https://meta.freeciv.org/metaserver.php"
| #define HOMEPAGE_URL "https://www.freeciv.org/"
| #define FOLLOWTAG "S3_3"
| #define FREECIV_DEV_SAVE_COMPAT 1
| #define FREECIV_DEV_SAVE_COMPAT_3_3 1
| #define FREECIV_DEV_SAVE_COMPAT_3_2 1
| #define FREECIV_DELTA_PROTOCOL 1
| #define HAVE_DLFCN_H 1
| #define LT_OBJDIR ".libs/"
| /* end confdefs.h.  */
| #include <ac_nonexistent.h>
configure:18348: result: g++ -std=gnu++11 -E
configure:18362: g++ -std=gnu++11 -E  conftest.cpp
configure:18362: $? = 0
configure:18378: g++ -std=gnu++11 -E  conftest.cpp
conftest.cpp:77:10: fatal error: 'ac_nonexistent.h' file not found
#include <ac_nonexistent.h>
         ^~~~~~~~~~~~~~~~~~
1 error generated.
configure:18378: $? = 1
configure: failed program was:
| /* confdefs.h */
| #define PACKAGE_NAME "Freeciv"
| #define PACKAGE_TARNAME "freeciv"
| #define PACKAGE_VERSION "3.2.91.4-dev"
| #define PACKAGE_STRING "Freeciv 3.2.91.4-dev"
| #define PACKAGE_BUGREPORT "https://osdn.net/projects/freeciv/ticket/"
| #define PACKAGE_URL "https://www.freeciv.org/"
| #define HAVE_STDIO_H 1
| #define HAVE_STDLIB_H 1
| #define HAVE_STRING_H 1
| #define HAVE_INTTYPES_H 1
| #define HAVE_STDINT_H 1
| #define HAVE_STRINGS_H 1
| #define HAVE_SYS_STAT_H 1
| #define HAVE_SYS_TYPES_H 1
| #define HAVE_UNISTD_H 1
| #define HAVE_WCHAR_H 1
| #define STDC_HEADERS 1
| #define _ALL_SOURCE 1
| #define _DARWIN_C_SOURCE 1
| #define _GNU_SOURCE 1
| #define _HPUX_ALT_XOPEN_SOCKET_API 1
| #define _NETBSD_SOURCE 1
| #define _OPENBSD_SOURCE 1
| #define _POSIX_PTHREAD_SEMANTICS 1
| #define __STDC_WANT_IEC_60559_ATTRIBS_EXT__ 1
| #define __STDC_WANT_IEC_60559_BFP_EXT__ 1
| #define __STDC_WANT_IEC_60559_DFP_EXT__ 1
| #define __STDC_WANT_IEC_60559_EXT__ 1
| #define __STDC_WANT_IEC_60559_FUNCS_EXT__ 1
| #define __STDC_WANT_IEC_60559_TYPES_EXT__ 1
| #define __STDC_WANT_LIB_EXT2__ 1
| #define __STDC_WANT_MATH_SPEC_FUNCS__ 1
| #define _TANDEM_SOURCE 1
| #define __EXTENSIONS__ 1
| #define FC_CONFIG_H 1
| #define BUG_URL "https://osdn.net/projects/freeciv/ticket/"
| #define MAJOR_VERSION 3
| #define MINOR_VERSION 2
| #define PATCH_VERSION 91
| #define EMERGENCY_VERSION 4
| #define VERSION_LABEL "-dev"
| #define VERSION_STRING "3.2.91.4-dev"
| #define IS_DEVEL_VERSION 1
| #define IS_FREEZE_VERSION 0
| #define IS_BETA_VERSION 0
| #define NEXT_STABLE_VERSION "3.3.0"
| #define FREECIV_RELEASE_MONTH 0
| #define DATASUBDIR "dev"
| #define FREECIV_DISTRIBUTOR ""
| #define PACKAGE "freeciv"
| #define VERSION "3.2.91.4-dev"
| #define MALLOC_ZERO_OK 1
| #define HAVE_FCDB_SQLITE3 1
| #define HAVE_FCDB 1
| #define HAVE_SYS_TYPES_H 1
| #define FREECIV_HAVE_SYS_TYPES_H 1
| #define HAVE_SYS_SOCKET_H 1
| #define FREECIV_HAVE_SYS_SOCKET_H 1
| #define HAVE_GETADDRINFO 1
| #define HAVE_INET_PTON 1
| #define HAVE_INET_NTOP 1
| #define HAVE_GETNAMEINFO 1
| #define FREECIV_IPV6_SUPPORT 1
| #define DEFAULT_SOCK_PORT 5556
| #define FREECIV_JSON_PORT 6556
| #define FREECIV_META_URL "https://meta.freeciv.org/metaserver.php"
| #define HOMEPAGE_URL "https://www.freeciv.org/"
| #define FOLLOWTAG "S3_3"
| #define FREECIV_DEV_SAVE_COMPAT 1
| #define FREECIV_DEV_SAVE_COMPAT_3_3 1
| #define FREECIV_DEV_SAVE_COMPAT_3_2 1
| #define FREECIV_DELTA_PROTOCOL 1
| #define HAVE_DLFCN_H 1
| #define LT_OBJDIR ".libs/"
| /* end confdefs.h.  */
| #include <ac_nonexistent.h>
configure:18546: checking for ld used by g++ -std=gnu++11
configure:18615: result: /Library/Developer/CommandLineTools/usr/bin/ld
configure:18622: checking if the linker (/Library/Developer/CommandLineTools/usr/bin/ld) is GNU ld
configure:18639: result: no
configure:18694: checking whether the g++ -std=gnu++11 linker (/Library/Developer/CommandLineTools/usr/bin/ld) supports shared libraries
configure:19774: result: yes
configure:19810: g++ -std=gnu++11 -c -g -O2  conftest.cpp >&5
configure:19813: $? = 0
configure:20294: checking for g++ -std=gnu++11 option to produce PIC
configure:20303: result: -fno-common -DPIC
configure:20311: checking if g++ -std=gnu++11 PIC flag -fno-common -DPIC works
configure:20330: g++ -std=gnu++11 -c -g -O2  -fno-common -DPIC -DPIC conftest.cpp >&5
configure:20334: $? = 0
configure:20348: result: yes
configure:20371: checking if g++ -std=gnu++11 static flag -static works
configure:20401: result: no
configure:20413: checking if g++ -std=gnu++11 supports -c -o file.o
configure:20435: g++ -std=gnu++11 -c -g -O2  -o out/conftest2.o conftest.cpp >&5
configure:20439: $? = 0
configure:20462: result: yes
configure:20467: checking if g++ -std=gnu++11 supports -c -o file.o
configure:20516: result: yes
configure:20546: checking whether the g++ -std=gnu++11 linker (/Library/Developer/CommandLineTools/usr/bin/ld) supports shared libraries
configure:20586: result: yes
configure:20729: checking dynamic linker characteristics
configure:21478: result: darwin22.1.0 dyld
configure:21543: checking how to hardcode library paths into programs
configure:21568: result: immediate
configure:21609: checking whether preprocessor token concenation works
configure:21628: gcc -c -g -O2  conftest.c >&5
configure:21628: $? = 0
configure:21638: result: yes
configure:21647: checking for uname
configure:21668: found /usr/bin/uname
configure:21681: result: uname
configure:21694: checking size of int
configure:21700: gcc -o conftest -g -O2   conftest.c  >&5
configure:21700: $? = 0
configure:21700: ./conftest
configure:21700: $? = 0
configure:21717: result: 4
configure:21726: checking whether make sets $(MAKE)
configure:21750: result: yes
configure:21802: checking for ld
configure:21935: result: /Library/Developer/CommandLineTools/usr/bin/ld
configure:21942: checking if the linker (/Library/Developer/CommandLineTools/usr/bin/ld) is GNU ld
configure:21959: result: no
configure:21967: checking for shared library run path origin
configure:21982: result: done
configure:22005: checking 32-bit host C ABI
configure:22058: gcc -c -g -O2  conftest.c >&5
configure:22058: $? = 0
configure:22072: result: no
configure:22078: checking for egrep -e
configure:22208: result: /usr/bin/grep -E
configure:22216: checking for ELF binary format
configure:22242: result: no
configure:22294: checking for the common suffixes of directories in the library search path
configure:22371: result: lib,lib,lib
configure:22903: checking for iconv
configure:22928: gcc -o conftest -g -O2   conftest.c  >&5
Undefined symbols for architecture arm64:
  "_iconv", referenced from:
      _main in conftest-8d921a.o
  "_iconv_close", referenced from:
      _main in conftest-8d921a.o
  "_iconv_open", referenced from:
      _main in conftest-8d921a.o
ld: symbol(s) not found for architecture arm64
clang: error: linker command failed with exit code 1 (use -v to see invocation)
configure:22928: $? = 1
configure: failed program was:
| /* confdefs.h */
| #define PACKAGE_NAME "Freeciv"
| #define PACKAGE_TARNAME "freeciv"
| #define PACKAGE_VERSION "3.2.91.4-dev"
| #define PACKAGE_STRING "Freeciv 3.2.91.4-dev"
| #define PACKAGE_BUGREPORT "https://osdn.net/projects/freeciv/ticket/"
| #define PACKAGE_URL "https://www.freeciv.org/"
| #define HAVE_STDIO_H 1
| #define HAVE_STDLIB_H 1
| #define HAVE_STRING_H 1
| #define HAVE_INTTYPES_H 1
| #define HAVE_STDINT_H 1
| #define HAVE_STRINGS_H 1
| #define HAVE_SYS_STAT_H 1
| #define HAVE_SYS_TYPES_H 1
| #define HAVE_UNISTD_H 1
| #define HAVE_WCHAR_H 1
| #define STDC_HEADERS 1
| #define _ALL_SOURCE 1
| #define _DARWIN_C_SOURCE 1
| #define _GNU_SOURCE 1
| #define _HPUX_ALT_XOPEN_SOCKET_API 1
| #define _NETBSD_SOURCE 1
| #define _OPENBSD_SOURCE 1
| #define _POSIX_PTHREAD_SEMANTICS 1
| #define __STDC_WANT_IEC_60559_ATTRIBS_EXT__ 1
| #define __STDC_WANT_IEC_60559_BFP_EXT__ 1
| #define __STDC_WANT_IEC_60559_DFP_EXT__ 1
| #define __STDC_WANT_IEC_60559_EXT__ 1
| #define __STDC_WANT_IEC_60559_FUNCS_EXT__ 1
| #define __STDC_WANT_IEC_60559_TYPES_EXT__ 1
| #define __STDC_WANT_LIB_EXT2__ 1
| #define __STDC_WANT_MATH_SPEC_FUNCS__ 1
| #define _TANDEM_SOURCE 1
| #define __EXTENSIONS__ 1
| #define FC_CONFIG_H 1
| #define BUG_URL "https://osdn.net/projects/freeciv/ticket/"
| #define MAJOR_VERSION 3
| #define MINOR_VERSION 2
| #define PATCH_VERSION 91
| #define EMERGENCY_VERSION 4
| #define VERSION_LABEL "-dev"
| #define VERSION_STRING "3.2.91.4-dev"
| #define IS_DEVEL_VERSION 1
| #define IS_FREEZE_VERSION 0
| #define IS_BETA_VERSION 0
| #define NEXT_STABLE_VERSION "3.3.0"
| #define FREECIV_RELEASE_MONTH 0
| #define DATASUBDIR "dev"
| #define FREECIV_DISTRIBUTOR ""
| #define PACKAGE "freeciv"
| #define VERSION "3.2.91.4-dev"
| #define MALLOC_ZERO_OK 1
| #define HAVE_FCDB_SQLITE3 1
| #define HAVE_FCDB 1
| #define HAVE_SYS_TYPES_H 1
| #define FREECIV_HAVE_SYS_TYPES_H 1
| #define HAVE_SYS_SOCKET_H 1
| #define FREECIV_HAVE_SYS_SOCKET_H 1
| #define HAVE_GETADDRINFO 1
| #define HAVE_INET_PTON 1
| #define HAVE_INET_NTOP 1
| #define HAVE_GETNAMEINFO 1
| #define FREECIV_IPV6_SUPPORT 1
| #define DEFAULT_SOCK_PORT 5556
| #define FREECIV_JSON_PORT 6556
| #define FREECIV_META_URL "https://meta.freeciv.org/metaserver.php"
| #define HOMEPAGE_URL "https://www.freeciv.org/"
| #define FOLLOWTAG "S3_3"
| #define FREECIV_DEV_SAVE_COMPAT 1
| #define FREECIV_DEV_SAVE_COMPAT_3_3 1
| #define FREECIV_DEV_SAVE_COMPAT_3_2 1
| #define FREECIV_DELTA_PROTOCOL 1
| #define HAVE_DLFCN_H 1
| #define LT_OBJDIR ".libs/"
| #define SIZEOF_INT 4
| /* end confdefs.h.  */
| 
| #include <stdlib.h>
| #include <iconv.h>
| 
| int
| main (void)
| {
| iconv_t cd = iconv_open("","");
|            iconv(cd,NULL,NULL,NULL,NULL);
|            iconv_close(cd);
|   ;
|   return 0;
| }
configure:22953: gcc -o conftest -g -O2   conftest.c  -liconv >&5
configure:22953: $? = 0
configure:22965: result: yes
configure:22968: checking for working iconv
configure:23112: gcc -o conftest -g -O2   conftest.c  -liconv >&5
configure:23112: $? = 0
configure:23112: ./conftest
configure:23112: $? = 0
configure:23127: result: yes
configure:23142: checking how to link with libiconv
configure:23144: result: -liconv
configure:23155: checking whether iconv is compatible with its POSIX signature
configure:23180: gcc -c -g -O2  conftest.c >&5
configure:23180: $? = 0
configure:23191: result: yes
configure:23221: checking for libcharset
configure:23240: gcc -o conftest -g -O2   conftest.c  -liconv >&5
configure:23240: $? = 0
configure:23274: result: yes
configure:23283: checking for nl_langinfo and CODESET
configure:23300: gcc -o conftest -g -O2   conftest.c  >&5
configure:23300: $? = 0
configure:23312: result: yes
configure:23330: checking whether NLS is requested
configure:23341: result: yes
configure:23381: checking for msgfmt
configure: trying /opt/homebrew/bin/msgfmt...
0 translated messages.
configure:23415: result: /opt/homebrew/bin/msgfmt
configure:23424: checking for gmsgfmt
configure:23461: result: /opt/homebrew/bin/msgfmt
configure:23506: checking for xgettext
configure: trying /opt/homebrew/bin/xgettext...
/opt/homebrew/bin/xgettext: warning: file '/dev/null' extension '' is unknown; will try C
configure:23540: result: /opt/homebrew/bin/xgettext
configure:23585: checking for msgmerge
configure: trying /opt/homebrew/bin/msgmerge...
configure:23618: result: /opt/homebrew/bin/msgmerge
configure:23675: checking for CFPreferencesCopyAppValue
configure:23694: gcc -o conftest -g -O2   conftest.c  -liconv -Wl,-framework -Wl,CoreFoundation >&5
conftest.c:86:37: warning: null passed to a callee that requires a non-null argument [-Wnonnull]
CFPreferencesCopyAppValue(NULL, NULL)
                          ~~~~      ^
conftest.c:86:37: warning: null passed to a callee that requires a non-null argument [-Wnonnull]
CFPreferencesCopyAppValue(NULL, NULL)
                                ~~~~^
2 warnings generated.
configure:23694: $? = 0
configure:23706: result: yes
configure:23713: checking for CFLocaleCopyPreferredLanguages
configure:23732: gcc -o conftest -g -O2   conftest.c  -liconv -Wl,-framework -Wl,CoreFoundation >&5
configure:23732: $? = 0
configure:23744: result: yes
configure:23794: checking for GNU gettext in libc
configure:23824: gcc -o conftest -g -O2   conftest.c  -liconv >&5
conftest.c:85:10: fatal error: 'libintl.h' file not found
#include <libintl.h>
         ^~~~~~~~~~~
1 error generated.
configure:23824: $? = 1
configure: failed program was:
| /* confdefs.h */
| #define PACKAGE_NAME "Freeciv"
| #define PACKAGE_TARNAME "freeciv"
| #define PACKAGE_VERSION "3.2.91.4-dev"
| #define PACKAGE_STRING "Freeciv 3.2.91.4-dev"
| #define PACKAGE_BUGREPORT "https://osdn.net/projects/freeciv/ticket/"
| #define PACKAGE_URL "https://www.freeciv.org/"
| #define HAVE_STDIO_H 1
| #define HAVE_STDLIB_H 1
| #define HAVE_STRING_H 1
| #define HAVE_INTTYPES_H 1
| #define HAVE_STDINT_H 1
| #define HAVE_STRINGS_H 1
| #define HAVE_SYS_STAT_H 1
| #define HAVE_SYS_TYPES_H 1
| #define HAVE_UNISTD_H 1
| #define HAVE_WCHAR_H 1
| #define STDC_HEADERS 1
| #define _ALL_SOURCE 1
| #define _DARWIN_C_SOURCE 1
| #define _GNU_SOURCE 1
| #define _HPUX_ALT_XOPEN_SOCKET_API 1
| #define _NETBSD_SOURCE 1
| #define _OPENBSD_SOURCE 1
| #define _POSIX_PTHREAD_SEMANTICS 1
| #define __STDC_WANT_IEC_60559_ATTRIBS_EXT__ 1
| #define __STDC_WANT_IEC_60559_BFP_EXT__ 1
| #define __STDC_WANT_IEC_60559_DFP_EXT__ 1
| #define __STDC_WANT_IEC_60559_EXT__ 1
| #define __STDC_WANT_IEC_60559_FUNCS_EXT__ 1
| #define __STDC_WANT_IEC_60559_TYPES_EXT__ 1
| #define __STDC_WANT_LIB_EXT2__ 1
| #define __STDC_WANT_MATH_SPEC_FUNCS__ 1
| #define _TANDEM_SOURCE 1
| #define __EXTENSIONS__ 1
| #define FC_CONFIG_H 1
| #define BUG_URL "https://osdn.net/projects/freeciv/ticket/"
| #define MAJOR_VERSION 3
| #define MINOR_VERSION 2
| #define PATCH_VERSION 91
| #define EMERGENCY_VERSION 4
| #define VERSION_LABEL "-dev"
| #define VERSION_STRING "3.2.91.4-dev"
| #define IS_DEVEL_VERSION 1
| #define IS_FREEZE_VERSION 0
| #define IS_BETA_VERSION 0
| #define NEXT_STABLE_VERSION "3.3.0"
| #define FREECIV_RELEASE_MONTH 0
| #define DATASUBDIR "dev"
| #define FREECIV_DISTRIBUTOR ""
| #define PACKAGE "freeciv"
| #define VERSION "3.2.91.4-dev"
| #define MALLOC_ZERO_OK 1
| #define HAVE_FCDB_SQLITE3 1
| #define HAVE_FCDB 1
| #define HAVE_SYS_TYPES_H 1
| #define FREECIV_HAVE_SYS_TYPES_H 1
| #define HAVE_SYS_SOCKET_H 1
| #define FREECIV_HAVE_SYS_SOCKET_H 1
| #define HAVE_GETADDRINFO 1
| #define HAVE_INET_PTON 1
| #define HAVE_INET_NTOP 1
| #define HAVE_GETNAMEINFO 1
| #define FREECIV_IPV6_SUPPORT 1
| #define DEFAULT_SOCK_PORT 5556
| #define FREECIV_JSON_PORT 6556
| #define FREECIV_META_URL "https://meta.freeciv.org/metaserver.php"
| #define HOMEPAGE_URL "https://www.freeciv.org/"
| #define FOLLOWTAG "S3_3"
| #define FREECIV_DEV_SAVE_COMPAT 1
| #define FREECIV_DEV_SAVE_COMPAT_3_3 1
| #define FREECIV_DEV_SAVE_COMPAT_3_2 1
| #define FREECIV_DELTA_PROTOCOL 1
| #define HAVE_DLFCN_H 1
| #define LT_OBJDIR ".libs/"
| #define SIZEOF_INT 4
| #define HAVE_ICONV 1
| #define ICONV_CONST 
| #define HAVE_LIBCHARSET 1
| #define HAVE_LANGINFO_CODESET 1
| #define HAVE_CFPREFERENCESCOPYAPPVALUE 1
| #define HAVE_CFLOCALECOPYPREFERREDLANGUAGES 1
| /* end confdefs.h.  */
| 
| #include <libintl.h>
| #ifndef __GNU_GETTEXT_SUPPORTED_REVISION
| extern int _nl_msg_cat_cntr;
| extern int *_nl_domain_bindings;
| #define __GNU_GETTEXT_SYMBOL_EXPRESSION (_nl_msg_cat_cntr + *_nl_domain_bindings)
| #else
| #define __GNU_GETTEXT_SYMBOL_EXPRESSION 0
| #endif
| 
| 
| int
| main (void)
| {
| 
| bindtextdomain ("", "");
| return * gettext ("") + * ngettext ("", "", 0) + __GNU_GETTEXT_SYMBOL_EXPRESSION
| 
|   ;
|   return 0;
| }
configure:23836: result: no
configure:23870: checking for iconv
configure:23932: result: yes
configure:23935: checking for working iconv
configure:24094: result: yes
configure:24109: checking how to link with libiconv
configure:24111: result: -liconv
configure:24613: checking for GNU gettext in libintl
configure:24651: gcc -o conftest -g -O2    conftest.c  -liconv -lintl >&5
conftest.c:86:10: fatal error: 'libintl.h' file not found
#include <libintl.h>
         ^~~~~~~~~~~
1 error generated.
configure:24651: $? = 1
configure: failed program was:
| /* confdefs.h */
| #define PACKAGE_NAME "Freeciv"
| #define PACKAGE_TARNAME "freeciv"
| #define PACKAGE_VERSION "3.2.91.4-dev"
| #define PACKAGE_STRING "Freeciv 3.2.91.4-dev"
| #define PACKAGE_BUGREPORT "https://osdn.net/projects/freeciv/ticket/"
| #define PACKAGE_URL "https://www.freeciv.org/"
| #define HAVE_STDIO_H 1
| #define HAVE_STDLIB_H 1
| #define HAVE_STRING_H 1
| #define HAVE_INTTYPES_H 1
| #define HAVE_STDINT_H 1
| #define HAVE_STRINGS_H 1
| #define HAVE_SYS_STAT_H 1
| #define HAVE_SYS_TYPES_H 1
| #define HAVE_UNISTD_H 1
| #define HAVE_WCHAR_H 1
| #define STDC_HEADERS 1
| #define _ALL_SOURCE 1
| #define _DARWIN_C_SOURCE 1
| #define _GNU_SOURCE 1
| #define _HPUX_ALT_XOPEN_SOCKET_API 1
| #define _NETBSD_SOURCE 1
| #define _OPENBSD_SOURCE 1
| #define _POSIX_PTHREAD_SEMANTICS 1
| #define __STDC_WANT_IEC_60559_ATTRIBS_EXT__ 1
| #define __STDC_WANT_IEC_60559_BFP_EXT__ 1
| #define __STDC_WANT_IEC_60559_DFP_EXT__ 1
| #define __STDC_WANT_IEC_60559_EXT__ 1
| #define __STDC_WANT_IEC_60559_FUNCS_EXT__ 1
| #define __STDC_WANT_IEC_60559_TYPES_EXT__ 1
| #define __STDC_WANT_LIB_EXT2__ 1
| #define __STDC_WANT_MATH_SPEC_FUNCS__ 1
| #define _TANDEM_SOURCE 1
| #define __EXTENSIONS__ 1
| #define FC_CONFIG_H 1
| #define BUG_URL "https://osdn.net/projects/freeciv/ticket/"
| #define MAJOR_VERSION 3
| #define MINOR_VERSION 2
| #define PATCH_VERSION 91
| #define EMERGENCY_VERSION 4
| #define VERSION_LABEL "-dev"
| #define VERSION_STRING "3.2.91.4-dev"
| #define IS_DEVEL_VERSION 1
| #define IS_FREEZE_VERSION 0
| #define IS_BETA_VERSION 0
| #define NEXT_STABLE_VERSION "3.3.0"
| #define FREECIV_RELEASE_MONTH 0
| #define DATASUBDIR "dev"
| #define FREECIV_DISTRIBUTOR ""
| #define PACKAGE "freeciv"
| #define VERSION "3.2.91.4-dev"
| #define MALLOC_ZERO_OK 1
| #define HAVE_FCDB_SQLITE3 1
| #define HAVE_FCDB 1
| #define HAVE_SYS_TYPES_H 1
| #define FREECIV_HAVE_SYS_TYPES_H 1
| #define HAVE_SYS_SOCKET_H 1
| #define FREECIV_HAVE_SYS_SOCKET_H 1
| #define HAVE_GETADDRINFO 1
| #define HAVE_INET_PTON 1
| #define HAVE_INET_NTOP 1
| #define HAVE_GETNAMEINFO 1
| #define FREECIV_IPV6_SUPPORT 1
| #define DEFAULT_SOCK_PORT 5556
| #define FREECIV_JSON_PORT 6556
| #define FREECIV_META_URL "https://meta.freeciv.org/metaserver.php"
| #define HOMEPAGE_URL "https://www.freeciv.org/"
| #define FOLLOWTAG "S3_3"
| #define FREECIV_DEV_SAVE_COMPAT 1
| #define FREECIV_DEV_SAVE_COMPAT_3_3 1
| #define FREECIV_DEV_SAVE_COMPAT_3_2 1
| #define FREECIV_DELTA_PROTOCOL 1
| #define HAVE_DLFCN_H 1
| #define LT_OBJDIR ".libs/"
| #define SIZEOF_INT 4
| #define HAVE_ICONV 1
| #define ICONV_CONST 
| #define HAVE_LIBCHARSET 1
| #define HAVE_LANGINFO_CODESET 1
| #define HAVE_CFPREFERENCESCOPYAPPVALUE 1
| #define HAVE_CFLOCALECOPYPREFERREDLANGUAGES 1
| #define HAVE_ICONV 1
| /* end confdefs.h.  */
| 
| #include <libintl.h>
| #ifndef __GNU_GETTEXT_SUPPORTED_REVISION
| extern int _nl_msg_cat_cntr;
| extern
| #ifdef __cplusplus
| "C"
| #endif
| const char *_nl_expand_alias (const char *);
| #define __GNU_GETTEXT_SYMBOL_EXPRESSION (_nl_msg_cat_cntr + *_nl_expand_alias (""))
| #else
| #define __GNU_GETTEXT_SYMBOL_EXPRESSION 0
| #endif
| 
| 
| int
| main (void)
| {
| 
| bindtextdomain ("", "");
| return * gettext ("") + * ngettext ("", "", 0) + __GNU_GETTEXT_SYMBOL_EXPRESSION
| 
|   ;
|   return 0;
| }
configure:24696: gcc -o conftest -g -O2    conftest.c  -liconv -lintl -liconv -Wl,-framework -Wl,CoreFoundation -Wl,-framework -Wl,CoreServices >&5
conftest.c:86:10: fatal error: 'libintl.h' file not found
#include <libintl.h>
         ^~~~~~~~~~~
1 error generated.
configure:24696: $? = 1
configure: failed program was:
| /* confdefs.h */
| #define PACKAGE_NAME "Freeciv"
| #define PACKAGE_TARNAME "freeciv"
| #define PACKAGE_VERSION "3.2.91.4-dev"
| #define PACKAGE_STRING "Freeciv 3.2.91.4-dev"
| #define PACKAGE_BUGREPORT "https://osdn.net/projects/freeciv/ticket/"
| #define PACKAGE_URL "https://www.freeciv.org/"
| #define HAVE_STDIO_H 1
| #define HAVE_STDLIB_H 1
| #define HAVE_STRING_H 1
| #define HAVE_INTTYPES_H 1
| #define HAVE_STDINT_H 1
| #define HAVE_STRINGS_H 1
| #define HAVE_SYS_STAT_H 1
| #define HAVE_SYS_TYPES_H 1
| #define HAVE_UNISTD_H 1
| #define HAVE_WCHAR_H 1
| #define STDC_HEADERS 1
| #define _ALL_SOURCE 1
| #define _DARWIN_C_SOURCE 1
| #define _GNU_SOURCE 1
| #define _HPUX_ALT_XOPEN_SOCKET_API 1
| #define _NETBSD_SOURCE 1
| #define _OPENBSD_SOURCE 1
| #define _POSIX_PTHREAD_SEMANTICS 1
| #define __STDC_WANT_IEC_60559_ATTRIBS_EXT__ 1
| #define __STDC_WANT_IEC_60559_BFP_EXT__ 1
| #define __STDC_WANT_IEC_60559_DFP_EXT__ 1
| #define __STDC_WANT_IEC_60559_EXT__ 1
| #define __STDC_WANT_IEC_60559_FUNCS_EXT__ 1
| #define __STDC_WANT_IEC_60559_TYPES_EXT__ 1
| #define __STDC_WANT_LIB_EXT2__ 1
| #define __STDC_WANT_MATH_SPEC_FUNCS__ 1
| #define _TANDEM_SOURCE 1
| #define __EXTENSIONS__ 1
| #define FC_CONFIG_H 1
| #define BUG_URL "https://osdn.net/projects/freeciv/ticket/"
| #define MAJOR_VERSION 3
| #define MINOR_VERSION 2
| #define PATCH_VERSION 91
| #define EMERGENCY_VERSION 4
| #define VERSION_LABEL "-dev"
| #define VERSION_STRING "3.2.91.4-dev"
| #define IS_DEVEL_VERSION 1
| #define IS_FREEZE_VERSION 0
| #define IS_BETA_VERSION 0
| #define NEXT_STABLE_VERSION "3.3.0"
| #define FREECIV_RELEASE_MONTH 0
| #define DATASUBDIR "dev"
| #define FREECIV_DISTRIBUTOR ""
| #define PACKAGE "freeciv"
| #define VERSION "3.2.91.4-dev"
| #define MALLOC_ZERO_OK 1
| #define HAVE_FCDB_SQLITE3 1
| #define HAVE_FCDB 1
| #define HAVE_SYS_TYPES_H 1
| #define FREECIV_HAVE_SYS_TYPES_H 1
| #define HAVE_SYS_SOCKET_H 1
| #define FREECIV_HAVE_SYS_SOCKET_H 1
| #define HAVE_GETADDRINFO 1
| #define HAVE_INET_PTON 1
| #define HAVE_INET_NTOP 1
| #define HAVE_GETNAMEINFO 1
| #define FREECIV_IPV6_SUPPORT 1
| #define DEFAULT_SOCK_PORT 5556
| #define FREECIV_JSON_PORT 6556
| #define FREECIV_META_URL "https://meta.freeciv.org/metaserver.php"
| #define HOMEPAGE_URL "https://www.freeciv.org/"
| #define FOLLOWTAG "S3_3"
| #define FREECIV_DEV_SAVE_COMPAT 1
| #define FREECIV_DEV_SAVE_COMPAT_3_3 1
| #define FREECIV_DEV_SAVE_COMPAT_3_2 1
| #define FREECIV_DELTA_PROTOCOL 1
| #define HAVE_DLFCN_H 1
| #define LT_OBJDIR ".libs/"
| #define SIZEOF_INT 4
| #define HAVE_ICONV 1
| #define ICONV_CONST 
| #define HAVE_LIBCHARSET 1
| #define HAVE_LANGINFO_CODESET 1
| #define HAVE_CFPREFERENCESCOPYAPPVALUE 1
| #define HAVE_CFLOCALECOPYPREFERREDLANGUAGES 1
| #define HAVE_ICONV 1
| /* end confdefs.h.  */
| 
| #include <libintl.h>
| #ifndef __GNU_GETTEXT_SUPPORTED_REVISION
| extern int _nl_msg_cat_cntr;
| extern
| #ifdef __cplusplus
| "C"
| #endif
| const char *_nl_expand_alias (const char *);
| #define __GNU_GETTEXT_SYMBOL_EXPRESSION (_nl_msg_cat_cntr + *_nl_expand_alias (""))
| #else
| #define __GNU_GETTEXT_SYMBOL_EXPRESSION 0
| #endif
| 
| 
| int
| main (void)
| {
| 
| bindtextdomain ("", "");
| return * gettext ("") + * ngettext ("", "", 0) + __GNU_GETTEXT_SYMBOL_EXPRESSION
| 
|   ;
|   return 0;
| }
configure:24711: result: no
configure:24747: checking whether to use NLS
configure:24749: result: no
configure:24953: checking for pkg-config
configure:24976: found /opt/local/bin/pkg-config
configure:24989: result: /opt/local/bin/pkg-config
configure:25014: checking pkg-config is at least version 0.9.0
configure:25017: result: yes
configure:25032: checking for libcurl > 7.56.0
configure:25039: $PKG_CONFIG --exists --print-errors "libcurl > 7.56.0"
Package libcurl was not found in the pkg-config search path.
Perhaps you should add the directory containing `libcurl.pc'
to the PKG_CONFIG_PATH environment variable
No package 'libcurl' found
configure:25042: $? = 1
configure:25056: $PKG_CONFIG --exists --print-errors "libcurl > 7.56.0"
Package libcurl was not found in the pkg-config search path.
Perhaps you should add the directory containing `libcurl.pc'
to the PKG_CONFIG_PATH environment variable
No package 'libcurl' found
configure:25059: $? = 1
configure:25073: result: no
No package 'libcurl' found
configure:25091: checking for libcurl >= 7.15.4
configure:25098: $PKG_CONFIG --exists --print-errors "libcurl >= 7.15.4"
Package libcurl was not found in the pkg-config search path.
Perhaps you should add the directory containing `libcurl.pc'
to the PKG_CONFIG_PATH environment variable
No package 'libcurl' found
configure:25101: $? = 1
configure:25115: $PKG_CONFIG --exists --print-errors "libcurl >= 7.15.4"
Package libcurl was not found in the pkg-config search path.
Perhaps you should add the directory containing `libcurl.pc'
to the PKG_CONFIG_PATH environment variable
No package 'libcurl' found
configure:25118: $? = 1
configure:25132: result: no
No package 'libcurl' found
configure:25148: error: libcurl development files required

## ---------------- ##
## Cache variables. ##
## ---------------- ##

ac_cv_build=aarch64-apple-darwin22.1.0
ac_cv_c99_token_concenation=yes
ac_cv_c_bigendian=no
ac_cv_c_compiler_gnu=yes
ac_cv_cxx_compiler_gnu=yes
ac_cv_env_CCC_set=
ac_cv_env_CCC_value=
ac_cv_env_CC_set=
ac_cv_env_CC_value=
ac_cv_env_CFLAGS_set=
ac_cv_env_CFLAGS_value=
ac_cv_env_CPPFLAGS_set=
ac_cv_env_CPPFLAGS_value=
ac_cv_env_CPP_set=
ac_cv_env_CPP_value=
ac_cv_env_CURL_CFLAGS_set=
ac_cv_env_CURL_CFLAGS_value=
ac_cv_env_CURL_LIBS_set=
ac_cv_env_CURL_LIBS_value=
ac_cv_env_CURL_MIME_API_CFLAGS_set=
ac_cv_env_CURL_MIME_API_CFLAGS_value=
ac_cv_env_CURL_MIME_API_LIBS_set=
ac_cv_env_CURL_MIME_API_LIBS_value=
ac_cv_env_CXXCPP_set=
ac_cv_env_CXXCPP_value=
ac_cv_env_CXXFLAGS_set=
ac_cv_env_CXXFLAGS_value=
ac_cv_env_CXX_set=
ac_cv_env_CXX_value=
ac_cv_env_FREECIV_LABEL_FORCE_set=
ac_cv_env_FREECIV_LABEL_FORCE_value=
ac_cv_env_FT2_CFLAGS_set=
ac_cv_env_FT2_CFLAGS_value=
ac_cv_env_FT2_LIBS_set=
ac_cv_env_FT2_LIBS_value=
ac_cv_env_GENERATE_PACKETS_ARGS_set=
ac_cv_env_GENERATE_PACKETS_ARGS_value=
ac_cv_env_GTHREAD_GTK3_CFLAGS_set=
ac_cv_env_GTHREAD_GTK3_CFLAGS_value=
ac_cv_env_GTHREAD_GTK3_LIBS_set=
ac_cv_env_GTHREAD_GTK3_LIBS_value=
ac_cv_env_GTHREAD_GTK4_CFLAGS_set=
ac_cv_env_GTHREAD_GTK4_CFLAGS_value=
ac_cv_env_GTHREAD_GTK4_LIBS_set=
ac_cv_env_GTHREAD_GTK4_LIBS_value=
ac_cv_env_GTHREAD_GTK5_CFLAGS_set=
ac_cv_env_GTHREAD_GTK5_CFLAGS_value=
ac_cv_env_GTHREAD_GTK5_LIBS_set=
ac_cv_env_GTHREAD_GTK5_LIBS_value=
ac_cv_env_GTK3MP_CFLAGS_set=
ac_cv_env_GTK3MP_CFLAGS_value=
ac_cv_env_GTK3MP_LIBS_set=
ac_cv_env_GTK3MP_LIBS_value=
ac_cv_env_GTK3_22_CFLAGS_set=
ac_cv_env_GTK3_22_CFLAGS_value=
ac_cv_env_GTK3_22_LIBS_set=
ac_cv_env_GTK3_22_LIBS_value=
ac_cv_env_GTK4_CFLAGS_set=
ac_cv_env_GTK4_CFLAGS_value=
ac_cv_env_GTK4_LIBS_set=
ac_cv_env_GTK4_LIBS_value=
ac_cv_env_GTK4_MP_CFLAGS_set=
ac_cv_env_GTK4_MP_CFLAGS_value=
ac_cv_env_GTK4_MP_LIBS_set=
ac_cv_env_GTK4_MP_LIBS_value=
ac_cv_env_GTK5_CFLAGS_set=
ac_cv_env_GTK5_CFLAGS_value=
ac_cv_env_GTK5_LIBS_set=
ac_cv_env_GTK5_LIBS_value=
ac_cv_env_GTK5_MP_CFLAGS_set=
ac_cv_env_GTK5_MP_CFLAGS_value=
ac_cv_env_GTK5_MP_LIBS_set=
ac_cv_env_GTK5_MP_LIBS_value=
ac_cv_env_ICU_CFLAGS_set=
ac_cv_env_ICU_CFLAGS_value=
ac_cv_env_ICU_LIBS_set=
ac_cv_env_ICU_LIBS_value=
ac_cv_env_LDFLAGS_set=
ac_cv_env_LDFLAGS_value=
ac_cv_env_LIBS_set=
ac_cv_env_LIBS_value=
ac_cv_env_LIBXML2_CFLAGS_set=
ac_cv_env_LIBXML2_CFLAGS_value=
ac_cv_env_LIBXML2_LIBS_set=
ac_cv_env_LIBXML2_LIBS_value=
ac_cv_env_LT_SYS_LIBRARY_PATH_set=
ac_cv_env_LT_SYS_LIBRARY_PATH_value=
ac_cv_env_LUA_CFLAGS_set=
ac_cv_env_LUA_CFLAGS_value=
ac_cv_env_LUA_LIBS_set=
ac_cv_env_LUA_LIBS_value=
ac_cv_env_MOCCMD_set=
ac_cv_env_MOCCMD_value=
ac_cv_env_PKG_CONFIG_LIBDIR_set=
ac_cv_env_PKG_CONFIG_LIBDIR_value=
ac_cv_env_PKG_CONFIG_PATH_set=
ac_cv_env_PKG_CONFIG_PATH_value=
ac_cv_env_PKG_CONFIG_set=
ac_cv_env_PKG_CONFIG_value=
ac_cv_env_SDL2MIXER_CFLAGS_set=
ac_cv_env_SDL2MIXER_CFLAGS_value=
ac_cv_env_SDL2MIXER_LIBS_set=
ac_cv_env_SDL2MIXER_LIBS_value=
ac_cv_env_SDL2_CFLAGS_set=
ac_cv_env_SDL2_CFLAGS_value=
ac_cv_env_SDL2_FRAMEWORK_set=
ac_cv_env_SDL2_FRAMEWORK_value=
ac_cv_env_SDL2_LIBS_set=
ac_cv_env_SDL2_LIBS_value=
ac_cv_env_WAND_CFLAGS_set=
ac_cv_env_WAND_CFLAGS_value=
ac_cv_env_WAND_LIBS_set=
ac_cv_env_WAND_LIBS_value=
ac_cv_env_build_alias_set=
ac_cv_env_build_alias_value=
ac_cv_env_host_alias_set=
ac_cv_env_host_alias_value=
ac_cv_env_target_alias_set=
ac_cv_env_target_alias_value=
ac_cv_func_getaddrinfo=yes
ac_cv_func_getnameinfo=yes
ac_cv_func_inet_ntop=yes
ac_cv_func_inet_pton=yes
ac_cv_header_dlfcn_h=yes
ac_cv_header_inttypes_h=yes
ac_cv_header_minix_config_h=no
ac_cv_header_stdint_h=yes
ac_cv_header_stdio_h=yes
ac_cv_header_stdlib_h=yes
ac_cv_header_string_h=yes
ac_cv_header_strings_h=yes
ac_cv_header_sys_socket_h=yes
ac_cv_header_sys_stat_h=yes
ac_cv_header_sys_types_h=yes
ac_cv_header_unistd_h=yes
ac_cv_header_vfork_h=no
ac_cv_header_wchar_h=yes
ac_cv_host=aarch64-apple-darwin22.1.0
ac_cv_objext=o
ac_cv_path_EGREP='/usr/bin/grep -E'
ac_cv_path_EGREP_TRADITIONAL='/usr/bin/grep -E'
ac_cv_path_FGREP='/usr/bin/grep -F'
ac_cv_path_GMSGFMT=/opt/homebrew/bin/msgfmt
ac_cv_path_GREP=/usr/bin/grep
ac_cv_path_MSGFMT=/opt/homebrew/bin/msgfmt
ac_cv_path_MSGMERGE=/opt/homebrew/bin/msgmerge
ac_cv_path_SED=/usr/bin/sed
ac_cv_path_XGETTEXT=/opt/homebrew/bin/xgettext
ac_cv_path_ac_pt_PKG_CONFIG=/opt/local/bin/pkg-config
ac_cv_path_install='/usr/bin/install -c'
ac_cv_path_lt_DD=/bin/dd
ac_cv_path_mkdir=/opt/homebrew/bin/gmkdir
ac_cv_prog_AWK=gawk
ac_cv_prog_CPP='gcc -E'
ac_cv_prog_CXXCPP='g++ -std=gnu++11 -E'
ac_cv_prog_UNAME=uname
ac_cv_prog_ac_ct_AR=ar
ac_cv_prog_ac_ct_CC=gcc
ac_cv_prog_ac_ct_CXX=g++
ac_cv_prog_ac_ct_DSYMUTIL=dsymutil
ac_cv_prog_ac_ct_FILECMD=file
ac_cv_prog_ac_ct_LIPO=lipo
ac_cv_prog_ac_ct_NMEDIT=nmedit
ac_cv_prog_ac_ct_OBJDUMP=objdump
ac_cv_prog_ac_ct_OTOOL=otool
ac_cv_prog_ac_ct_RANLIB=ranlib
ac_cv_prog_ac_ct_STRIP=strip
ac_cv_prog_cc_c11=
ac_cv_prog_cc_g=yes
ac_cv_prog_cc_stdc=
ac_cv_prog_cxx_cxx11=-std=gnu++11
ac_cv_prog_cxx_g=yes
ac_cv_prog_cxx_stdcxx=-std=gnu++11
ac_cv_prog_make_make_set=yes
ac_cv_safe_to_define___extensions__=yes
ac_cv_should_define__xopen_source=no
ac_cv_sizeof_int=4
ac_cv_sys_largefile_opts='none needed'
ac_cv_sys_year2038_opts='none needed'
acl_cv_hardcode_direct=no
acl_cv_hardcode_libdir_flag_spec=
acl_cv_hardcode_libdir_separator=
acl_cv_hardcode_minus_L=no
acl_cv_libdirstems=lib,lib,lib
acl_cv_libext=a
acl_cv_libname_spec='lib$name'
acl_cv_library_names_spec='$libname$shrext'
acl_cv_prog_gnu_ld=no
acl_cv_rpath=done
acl_cv_shlibext=dylib
acl_cv_wl=-Wl,
am_cv_CC_dependencies_compiler_type=gcc3
am_cv_CXX_dependencies_compiler_type=gcc3
am_cv_func_iconv=yes
am_cv_func_iconv_summary='yes, in libiconv'
am_cv_func_iconv_works=yes
am_cv_langinfo_codeset=yes
am_cv_lib_iconv=yes
am_cv_libcharset=yes
am_cv_make_support_nested_variables=yes
am_cv_prog_cc_c_o=yes
fc_cv_malloc_zero_ok=yes
gl_cv_elf=no
gl_cv_host_cpu_c_abi_32bit=no
gl_cv_iconv_nonconst=yes
gt_cv_func_CFLocaleCopyPreferredLanguages=yes
gt_cv_func_CFPreferencesCopyAppValue=yes
gt_cv_func_gnugettext2_libc=no
gt_cv_func_gnugettext2_libintl=no
lt_cv_apple_cc_single_mod=yes
lt_cv_ar_at_file=no
lt_cv_deplibs_check_method=pass_all
lt_cv_file_magic_cmd='$MAGIC_CMD'
lt_cv_file_magic_test_file=
lt_cv_ld_exported_symbols_list=yes
lt_cv_ld_force_load=yes
lt_cv_ld_reload_flag=-r
lt_cv_nm_interface='BSD nm'
lt_cv_objdir=.libs
lt_cv_path_LD=/Library/Developer/CommandLineTools/usr/bin/ld
lt_cv_path_LDCXX=/Library/Developer/CommandLineTools/usr/bin/ld
lt_cv_path_NM='/usr/bin/nm -B'
lt_cv_path_mainfest_tool=no
lt_cv_prog_compiler_c_o=yes
lt_cv_prog_compiler_c_o_CXX=yes
lt_cv_prog_compiler_pic='-fno-common -DPIC'
lt_cv_prog_compiler_pic_CXX='-fno-common -DPIC'
lt_cv_prog_compiler_pic_works=yes
lt_cv_prog_compiler_pic_works_CXX=yes
lt_cv_prog_compiler_rtti_exceptions=yes
lt_cv_prog_compiler_static_works=no
lt_cv_prog_compiler_static_works_CXX=no
lt_cv_prog_gnu_ld=no
lt_cv_prog_gnu_ldcxx=no
lt_cv_sharedlib_from_linklib_cmd='printf %s\n'
lt_cv_sys_global_symbol_pipe='/usr/bin/sed -n -e '\''s/^.*[	 ]\([ABCDGIRSTW][ABCDGIRSTW]*\)[	 ][	 ]*_\([_A-Za-z][_A-Za-z0-9]*\)$/\1 _\2 \2/p'\'' | /usr/bin/sed '\''/ __gnu_lto/d'\'''
lt_cv_sys_global_symbol_to_c_name_address='/usr/bin/sed -n -e '\''s/^: \(.*\) .*$/  {"\1", (void *) 0},/p'\'' -e '\''s/^[ABCDGIRSTW][ABCDGIRSTW]* .* \(.*\)$/  {"\1", (void *) \&\1},/p'\'''
lt_cv_sys_global_symbol_to_c_name_address_lib_prefix='/usr/bin/sed -n -e '\''s/^: \(.*\) .*$/  {"\1", (void *) 0},/p'\'' -e '\''s/^[ABCDGIRSTW][ABCDGIRSTW]* .* \(lib.*\)$/  {"\1", (void *) \&\1},/p'\'' -e '\''s/^[ABCDGIRSTW][ABCDGIRSTW]* .* \(.*\)$/  {"lib\1", (void *) \&\1},/p'\'''
lt_cv_sys_global_symbol_to_cdecl='/usr/bin/sed -n -e '\''s/^T .* \(.*\)$/extern int \1();/p'\'' -e '\''s/^[ABCDGIRSTW][ABCDGIRSTW]* .* \(.*\)$/extern char \1;/p'\'''
lt_cv_sys_global_symbol_to_import=
lt_cv_sys_max_cmd_len=786432
lt_cv_to_host_file_cmd=func_convert_file_noop
lt_cv_to_tool_file_cmd=func_convert_file_noop
lt_cv_truncate_bin='/bin/dd bs=4096 count=1'

## ----------------- ##
## Output variables. ##
## ----------------- ##

ACLOCAL='${SHELL} '\''/Users/asharma/cs130/FinalProject/freeciv/bootstrap/missing'\'' aclocal-1.16'
AI_MODULES_FALSE=''
AI_MODULES_TRUE='#'
AI_MOD_DEFAULT_NEEDED_FALSE=''
AI_MOD_DEFAULT_NEEDED_TRUE=''
AI_MOD_STATIC_CLASSIC_FALSE=''
AI_MOD_STATIC_CLASSIC_TRUE=''
AI_MOD_STATIC_STUB_FALSE=''
AI_MOD_STATIC_STUB_TRUE=''
AI_MOD_STATIC_TEX_FALSE=''
AI_MOD_STATIC_TEX_TRUE=''
AMDEPBACKSLASH='\'
AMDEP_FALSE='#'
AMDEP_TRUE=''
AMTAR='$${TAR-tar}'
AM_BACKSLASH='\'
AM_DEFAULT_V='$(AM_DEFAULT_VERBOSITY)'
AM_DEFAULT_VERBOSITY='0'
AM_V='$(V)'
AR='ar'
AUDIO_SDL_FALSE=''
AUDIO_SDL_TRUE=''
AUTOCONF='${SHELL} '\''/Users/asharma/cs130/FinalProject/freeciv/bootstrap/missing'\'' autoconf'
AUTOHEADER='${SHELL} '\''/Users/asharma/cs130/FinalProject/freeciv/bootstrap/missing'\'' autoheader'
AUTOMAKE='${SHELL} '\''/Users/asharma/cs130/FinalProject/freeciv/bootstrap/missing'\'' automake-1.16'
AWK='gawk'
BUG_URL='https://osdn.net/projects/freeciv/ticket/'
CC='gcc'
CCDEPMODE='depmode=gcc3'
CFLAGS='-g -O2'
CLIENT_FALSE=''
CLIENT_GUI_GTK_3_22_FALSE=''
CLIENT_GUI_GTK_3_22_TRUE=''
CLIENT_GUI_GTK_4_FALSE=''
CLIENT_GUI_GTK_4_TRUE=''
CLIENT_GUI_GTK_5_FALSE=''
CLIENT_GUI_GTK_5_TRUE=''
CLIENT_GUI_QT_FALSE=''
CLIENT_GUI_QT_TRUE=''
CLIENT_GUI_SDL2_FALSE=''
CLIENT_GUI_SDL2_TRUE=''
CLIENT_GUI_STUB_FALSE=''
CLIENT_GUI_STUB_TRUE=''
CLIENT_LIBS=''
CLIENT_TRUE=''
COMMON_LIBS=''
CONFIGURE_DEPENDENCIES=''
CONFIG_STATUS_DEPENDENCIES=''
CPP='gcc -E'
CPPFLAGS=''
CSCOPE='cscope'
CTAGS='ctags'
CURL_CFLAGS=''
CURL_LIBS=''
CURL_MIME_API_CFLAGS=''
CURL_MIME_API_LIBS=''
CXX='g++ -std=gnu++11'
CXXCPP='g++ -std=gnu++11 -E'
CXXDEPMODE='depmode=gcc3'
CXXFLAGS='-g -O2'
CYGPATH_W='echo'
DATASUBDIR='dev'
DEFS=''
DEPDIR='.deps'
DESKTOPDIR='$(prefix)/share/applications'
DLLTOOL='false'
DSYMUTIL='dsymutil'
DUMPBIN=''
ECHO_C='\c'
ECHO_N=''
ECHO_T=''
EGREP='/usr/bin/grep -E'
ETAGS='etags'
EXEEXT=''
EXP_AI_MODULES_FALSE=''
EXP_AI_MODULES_TRUE='#'
FCDB_DB_FALSE='#'
FCDB_DB_TRUE=''
FCDB_MYSQL_CFLAGS=''
FCDB_MYSQL_FALSE=''
FCDB_MYSQL_TRUE='#'
FCDB_ODBC_FALSE=''
FCDB_ODBC_TRUE='#'
FCDB_POSTGRES_CFLAGS=''
FCDB_POSTGRES_FALSE=''
FCDB_POSTGRES_TRUE='#'
FCDB_SQLITE3_CFLAGS=''
FCDB_SQLITE3_FALSE='#'
FCDB_SQLITE3_TRUE=''
FCMANUAL_FALSE=''
FCMANUAL_TRUE=''
FCRULEUP_FALSE=''
FCRULEUP_TRUE=''
FGREP='/usr/bin/grep -F'
FILECMD='file'
FREECIV_LABEL_FORCE=''
FREECIV_STORAGE_DIR='~/.freeciv'
FT2_CFLAGS=''
FT2_LIBS=''
GENERATE_PACKETS_ARGS=''
GETTEXT_MACRO_VERSION='0.20'
GITREV_FALSE=''
GITREV_TRUE='#'
GMSGFMT='/opt/homebrew/bin/msgfmt'
GMSGFMT_015='/opt/homebrew/bin/msgfmt'
GREP='/usr/bin/grep'
GTHREAD_GTK3_CFLAGS=''
GTHREAD_GTK3_LIBS=''
GTHREAD_GTK4_CFLAGS=''
GTHREAD_GTK4_LIBS=''
GTHREAD_GTK5_CFLAGS=''
GTHREAD_GTK5_LIBS=''
GTK3MP_CFLAGS=''
GTK3MP_LIBS=''
GTK3_22_CFLAGS=''
GTK3_22_LIBS=''
GTK4_CFLAGS=''
GTK4_LIBS=''
GTK4_MP_CFLAGS=''
GTK4_MP_LIBS=''
GTK5_CFLAGS=''
GTK5_LIBS=''
GTK5_MP_CFLAGS=''
GTK5_MP_LIBS=''
GZIP=''
HAVE_ALIGNED_ALLOC=''
HAVE_ATOLL=''
HAVE_CANONICALIZE_FILE_NAME=''
HAVE_CXX11=''
HAVE_CXX17=''
HAVE_DECL_ECVT=''
HAVE_DECL_FCVT=''
HAVE_DECL_GCVT=''
HAVE_DECL_GETLOADAVG=''
HAVE_DECL_INITSTATE=''
HAVE_DECL_PROGRAM_INVOCATION_NAME=''
HAVE_DECL_SETENV=''
HAVE_DECL_SETSTATE=''
HAVE_DECL_UNSETENV=''
HAVE_GETPROGNAME=''
HAVE_GETSUBOPT=''
HAVE_GRANTPT=''
HAVE_INITSTATE=''
HAVE_MBTOWC=''
HAVE_MKDTEMP=''
HAVE_MKOSTEMP=''
HAVE_MKOSTEMPS=''
HAVE_MKSTEMP=''
HAVE_MKSTEMPS=''
HAVE_POSIX_MEMALIGN=''
HAVE_POSIX_OPENPT=''
HAVE_PTSNAME=''
HAVE_PTSNAME_R=''
HAVE_QSORT_R=''
HAVE_RANDOM=''
HAVE_RANDOM_H=''
HAVE_RANDOM_R=''
HAVE_REALLOCARRAY=''
HAVE_REALPATH=''
HAVE_RPMATCH=''
HAVE_SECURE_GETENV=''
HAVE_SETENV=''
HAVE_SETSTATE=''
HAVE_STRTOD=''
HAVE_STRTOL=''
HAVE_STRTOLD=''
HAVE_STRTOLL=''
HAVE_STRTOUL=''
HAVE_STRTOULL=''
HAVE_STRUCT_RANDOM_DATA=''
HAVE_SYS_LOADAVG_H=''
HAVE_UNLOCKPT=''
HAVE__EXIT=''
HOMEPAGE_URL='https://www.freeciv.org/'
HOST_DIR_SEPARATOR=''
HOST_PATH_SEPARATOR=''
ICU_CFLAGS=''
ICU_LIBS=''
INSTALL_DATA='${INSTALL} -m 644'
INSTALL_PROGRAM='${INSTALL}'
INSTALL_SCRIPT='${INSTALL}'
INSTALL_STRIP_PROGRAM='$(install_sh) -c -s'
INTLLIBS=''
INTL_MACOSX_LIBS='-Wl,-framework -Wl,CoreFoundation -Wl,-framework -Wl,CoreServices'
LD='/Library/Developer/CommandLineTools/usr/bin/ld'
LDFLAGS=''
LIBICONV='-liconv'
LIBINTL=''
LIBOBJS=''
LIBS=' -liconv'
LIBTOOL='$(SHELL) $(top_builddir)/libtool'
LIBXML2_CFLAGS=''
LIBXML2_LIBS=''
LIPO='lipo'
LN_S='ln -s'
LTLIBICONV='-liconv'
LTLIBINTL=''
LTLIBOBJS=''
LT_SYS_LIBRARY_PATH=''
LUASQL_AS_DEPENDENCY=''
LUASQL_CFLAGS=''
LUASQL_LIBS=''
LUA_CFLAGS=''
LUA_LIBS=''
MAIL_ADDRESS='freeciv-dev AT freelists.org'
MAIN_VERSION='3.3'
MAJOR_VERSION='3'
MAKEINFO='${SHELL} '\''/Users/asharma/cs130/FinalProject/freeciv/bootstrap/missing'\'' makeinfo'
MAKE_CLIENT_INCLUDE_FALSE=''
MAKE_CLIENT_INCLUDE_TRUE='#'
MAKE_DATA_FALSE='#'
MAKE_DATA_TRUE=''
MANIFEST_TOOL=':'
MAPIMG_WAND_CFLAGS=''
MAPIMG_WAND_LIBS=''
METAINFODIR='$(prefix)/share/metainfo'
MINGW_FALSE=''
MINGW_TRUE=''
MINOR_VERSION='2'
MKDIR_P='/opt/homebrew/bin/gmkdir -p'
MOCCMD=''
MODINST_CLI_FALSE=''
MODINST_CLI_TRUE=''
MODINST_FALSE=''
MODINST_GTK3_FALSE=''
MODINST_GTK3_TRUE=''
MODINST_GTK4_FALSE=''
MODINST_GTK4_TRUE=''
MODINST_GTK5_FALSE=''
MODINST_GTK5_TRUE=''
MODINST_QT_FALSE=''
MODINST_QT_TRUE=''
MODINST_TRUE=''
MSGFMT='/opt/homebrew/bin/msgfmt'
MSGMERGE='/opt/homebrew/bin/msgmerge'
MSGMERGE_FOR_MSGFMT_OPTION='--for-msgfmt'
MYSQL_CONFIG=''
MYSQL_VERSION=''
NEWS_URL=''
NM='/usr/bin/nm -B'
NMEDIT='nmedit'
OBJDUMP='objdump'
OBJEXT='o'
OTOOL64=':'
OTOOL='otool'
PACKAGE='freeciv'
PACKAGE_BUGREPORT='https://osdn.net/projects/freeciv/ticket/'
PACKAGE_NAME='Freeciv'
PACKAGE_STRING='Freeciv 3.2.91.4-dev'
PACKAGE_TARNAME='freeciv'
PACKAGE_URL='https://www.freeciv.org/'
PACKAGE_VERSION='3.2.91.4-dev'
PATH_SEPARATOR=':'
PG_CONFIG=''
PKG_CONFIG='/opt/local/bin/pkg-config'
PKG_CONFIG_LIBDIR=''
PKG_CONFIG_PATH=''
POSTGRESQL_VERSION=''
POSUB=''
QTPATHS=''
RANLIB='ranlib'
RELEASE_DATE=''
RELEASE_TYPE='development'
REPLACE_ALIGNED_ALLOC=''
REPLACE_CALLOC_FOR_CALLOC_GNU=''
REPLACE_CALLOC_FOR_CALLOC_POSIX=''
REPLACE_CANONICALIZE_FILE_NAME=''
REPLACE_FREE=''
REPLACE_GETLOADAVG=''
REPLACE_GETPROGNAME=''
REPLACE_GETSUBOPT=''
REPLACE_INITSTATE=''
REPLACE_MALLOC_FOR_MALLOC_GNU=''
REPLACE_MALLOC_FOR_MALLOC_POSIX=''
REPLACE_MBSTOWCS=''
REPLACE_MBTOWC=''
REPLACE_MB_CUR_MAX=''
REPLACE_MKOSTEMP=''
REPLACE_MKOSTEMPS=''
REPLACE_MKSTEMP=''
REPLACE_POSIX_MEMALIGN=''
REPLACE_POSIX_OPENPT=''
REPLACE_PTSNAME=''
REPLACE_PTSNAME_R=''
REPLACE_PUTENV=''
REPLACE_QSORT_R=''
REPLACE_RAND=''
REPLACE_RANDOM=''
REPLACE_RANDOM_R=''
REPLACE_REALLOCARRAY=''
REPLACE_REALLOC_FOR_REALLOC_GNU=''
REPLACE_REALLOC_FOR_REALLOC_POSIX=''
REPLACE_REALPATH=''
REPLACE_SETENV=''
REPLACE_SETSTATE=''
REPLACE_STRTOD=''
REPLACE_STRTOL=''
REPLACE_STRTOLD=''
REPLACE_STRTOLL=''
REPLACE_STRTOUL=''
REPLACE_STRTOULL=''
REPLACE_UNSETENV=''
REPLACE_WCTOMB=''
REPLACE__EXIT=''
RULEDIT_FALSE=''
RULEDIT_TRUE=''
SDL2MIXER_CFLAGS=''
SDL2MIXER_LIBS=''
SDL2_CFLAGS=''
SDL2_CONFIG=''
SDL2_FRAMEWORK=''
SDL2_LIBS=''
SED='/usr/bin/sed'
SERVER_FALSE='#'
SERVER_LIBS=''
SERVER_TRUE=''
SET_MAKE=''
SHELL='/bin/sh'
SOUND_CFLAGS=''
SOUND_LIBS=''
SRV_LIB_FALSE=''
SRV_LIB_LIBS=''
SRV_LIB_TRUE=''
STRIP='strip'
SYS_LUA_FALSE=''
SYS_LUA_TRUE=''
SYS_TOLUA_CMD_FALSE=''
SYS_TOLUA_CMD_TRUE=''
TINYCTHREAD_FALSE=''
TINYCTHREAD_TRUE=''
TINYCTHR_LIBS=''
TOLUA=''
TOLUA_CFLAGS=''
TOLUA_LIBS=''
UNAME='uname'
USE_NLS='no'
UTILITY_CFLAGS=''
UTILITY_LIBS=''
VERSION='3.2.91.4-dev'
VERSION_LABEL='-dev'
WAND_CFLAGS=''
WAND_LIBS=''
WINDRES=''
XGETTEXT='/opt/homebrew/bin/xgettext'
XGETTEXT_015='/opt/homebrew/bin/xgettext'
XGETTEXT_EXTRA_OPTIONS=' --keyword=Q_ --keyword=PL_:1,2 --language=C --escape --add-comments=TRANS: --from-code=UTF-8'
ac_ct_AR='ar'
ac_ct_CC='gcc'
ac_ct_CXX='g++'
ac_ct_DUMPBIN=''
aimoduledir='${exec_prefix}/lib/fcai'
am__EXEEXT_FALSE=''
am__EXEEXT_TRUE=''
am__fastdepCC_FALSE='#'
am__fastdepCC_TRUE=''
am__fastdepCXX_FALSE='#'
am__fastdepCXX_TRUE=''
am__include='include'
am__isrc=' -I$(srcdir)'
am__leading_dot='.'
am__nodep='_no'
am__quote=''
am__tar='$${TAR-tar} chof - "$$tardir"'
am__untar='$${TAR-tar} xf -'
bindir='${exec_prefix}/bin'
build='aarch64-apple-darwin22.1.0'
build_alias=''
build_cpu='aarch64'
build_os='darwin22.1.0'
build_vendor='apple'
datadir='${datarootdir}'
datarootdir='${prefix}/share'
docdir='${datarootdir}/doc/${PACKAGE_TARNAME}'
dvidir='${docdir}'
exec_prefix='NONE'
gui_3d_libs=''
gui_gtk3_22_cflags=''
gui_gtk3_22_ldflags=''
gui_gtk3_22_libs=''
gui_gtk4_cflags=''
gui_gtk4_ldflags=''
gui_gtk4_libs=''
gui_gtk5_cflags=''
gui_gtk5_ldflags=''
gui_gtk5_libs=''
gui_qt_cflags=''
gui_qt_cppflags=''
gui_qt_cxxflags=''
gui_qt_ldflags=''
gui_qt_libs=''
gui_sdl2_cflags=''
gui_sdl2_ldflags=''
gui_sdl2_libs=''
gui_stub_cflags=''
gui_stub_ldflags=''
gui_stub_libs=''
host='aarch64-apple-darwin22.1.0'
host_alias=''
host_cpu='aarch64'
host_os='darwin22.1.0'
host_vendor='apple'
htmldir='${docdir}'
includedir='${prefix}/include'
infodir='${datarootdir}/info'
install_sh='${SHELL} /Users/asharma/cs130/FinalProject/freeciv/bootstrap/install-sh'
libdir='${exec_prefix}/lib'
libexecdir='${exec_prefix}/libexec'
localedir='${datarootdir}/locale'
localedir_c='"/usr/local/share/locale"'
localedir_c_make='\"$(localedir)\"'
localstatedir='${prefix}/var'
mandir='${datarootdir}/man'
mkdir_p='$(MKDIR_P)'
mp_cli_cflags=''
mp_cli_ldflags=''
mp_cli_libs=''
mp_gtk3_cflags=''
mp_gtk3_ldflags=''
mp_gtk3_libs=''
mp_gtk4_cflags=''
mp_gtk4_ldflags=''
mp_gtk4_libs=''
mp_gtk5_cflags=''
mp_gtk5_ldflags=''
mp_gtk5_libs=''
mp_qt_cppflags=''
mp_qt_cxxflags=''
mp_qt_libs=''
mysql_cflags=''
mysql_ldflags=''
oldincludedir='/usr/include'
pdfdir='${docdir}'
postgresql_cflags=''
postgresql_ldflags=''
prefix='NONE'
program_transform_name='s,x,x,'
psdir='${docdir}'
ruledit_cppflags=''
ruledit_cxxflags=''
ruledit_libs=''
runstatedir='${localstatedir}/run'
sbindir='${exec_prefix}/sbin'
sharedstatedir='${prefix}/com'
sqlite3_cflags=''
sqlite3_ldflags=' -lsqlite3 -lsqlite3'
sysconfdir='${prefix}/etc'
target_alias=''

## ----------- ##
## confdefs.h. ##
## ----------- ##

/* confdefs.h */
#define PACKAGE_NAME "Freeciv"
#define PACKAGE_TARNAME "freeciv"
#define PACKAGE_VERSION "3.2.91.4-dev"
#define PACKAGE_STRING "Freeciv 3.2.91.4-dev"
#define PACKAGE_BUGREPORT "https://osdn.net/projects/freeciv/ticket/"
#define PACKAGE_URL "https://www.freeciv.org/"
#define HAVE_STDIO_H 1
#define HAVE_STDLIB_H 1
#define HAVE_STRING_H 1
#define HAVE_INTTYPES_H 1
#define HAVE_STDINT_H 1
#define HAVE_STRINGS_H 1
#define HAVE_SYS_STAT_H 1
#define HAVE_SYS_TYPES_H 1
#define HAVE_UNISTD_H 1
#define HAVE_WCHAR_H 1
#define STDC_HEADERS 1
#define _ALL_SOURCE 1
#define _DARWIN_C_SOURCE 1
#define _GNU_SOURCE 1
#define _HPUX_ALT_XOPEN_SOCKET_API 1
#define _NETBSD_SOURCE 1
#define _OPENBSD_SOURCE 1
#define _POSIX_PTHREAD_SEMANTICS 1
#define __STDC_WANT_IEC_60559_ATTRIBS_EXT__ 1
#define __STDC_WANT_IEC_60559_BFP_EXT__ 1
#define __STDC_WANT_IEC_60559_DFP_EXT__ 1
#define __STDC_WANT_IEC_60559_EXT__ 1
#define __STDC_WANT_IEC_60559_FUNCS_EXT__ 1
#define __STDC_WANT_IEC_60559_TYPES_EXT__ 1
#define __STDC_WANT_LIB_EXT2__ 1
#define __STDC_WANT_MATH_SPEC_FUNCS__ 1
#define _TANDEM_SOURCE 1
#define __EXTENSIONS__ 1
#define FC_CONFIG_H 1
#define BUG_URL "https://osdn.net/projects/freeciv/ticket/"
#define MAJOR_VERSION 3
#define MINOR_VERSION 2
#define PATCH_VERSION 91
#define EMERGENCY_VERSION 4
#define VERSION_LABEL "-dev"
#define VERSION_STRING "3.2.91.4-dev"
#define IS_DEVEL_VERSION 1
#define IS_FREEZE_VERSION 0
#define IS_BETA_VERSION 0
#define NEXT_STABLE_VERSION "3.3.0"
#define FREECIV_RELEASE_MONTH 0
#define DATASUBDIR "dev"
#define FREECIV_DISTRIBUTOR ""
#define PACKAGE "freeciv"
#define VERSION "3.2.91.4-dev"
#define MALLOC_ZERO_OK 1
#define HAVE_FCDB_SQLITE3 1
#define HAVE_FCDB 1
#define HAVE_SYS_TYPES_H 1
#define FREECIV_HAVE_SYS_TYPES_H 1
#define HAVE_SYS_SOCKET_H 1
#define FREECIV_HAVE_SYS_SOCKET_H 1
#define HAVE_GETADDRINFO 1
#define HAVE_INET_PTON 1
#define HAVE_INET_NTOP 1
#define HAVE_GETNAMEINFO 1
#define FREECIV_IPV6_SUPPORT 1
#define DEFAULT_SOCK_PORT 5556
#define FREECIV_JSON_PORT 6556
#define FREECIV_META_URL "https://meta.freeciv.org/metaserver.php"
#define HOMEPAGE_URL "https://www.freeciv.org/"
#define FOLLOWTAG "S3_3"
#define FREECIV_DEV_SAVE_COMPAT 1
#define FREECIV_DEV_SAVE_COMPAT_3_3 1
#define FREECIV_DEV_SAVE_COMPAT_3_2 1
#define FREECIV_DELTA_PROTOCOL 1
#define HAVE_DLFCN_H 1
#define LT_OBJDIR ".libs/"
#define SIZEOF_INT 4
#define HAVE_ICONV 1
#define ICONV_CONST 
#define HAVE_LIBCHARSET 1
#define HAVE_LANGINFO_CODESET 1
#define HAVE_CFPREFERENCESCOPYAPPVALUE 1
#define HAVE_CFLOCALECOPYPREFERREDLANGUAGES 1
#define HAVE_ICONV 1

configure: exit 1
